<?xml version="1.0" encoding="UTF-8"?>
<testsuite xmlns:xsi="http://www.w3.org/2001/XMLSchema-instance" xsi:noNamespaceSchemaLocation="https://maven.apache.org/surefire/maven-surefire-plugin/xsd/surefire-test-report-3.0.xsd" version="3.0" name="com.example.backend.BackendApplicationTests" time="4.677" tests="1" errors="0" skipped="0" failures="0">
  <properties>
[...]
</properties>
  <testcase name="contextLoads" classname="com.example.backend.BackendApplicationTests" time="0.303">
    <system-out><![CDATA[Standard Commons Logging discovery in action with spring-jcl: please remove commons-logging.jar from classpath in order to avoid potential conflicts
11:28:47.703 [main] INFO org.springframework.test.context.support.AnnotationConfigContextLoaderUtils -- Could not detect default configuration classes for test class [com.example.backend.BackendApplicationTests]: BackendApplicationTests does not declare any static, non-private, non-final, nested classes annotated with @Configuration.
11:28:47.764 [main] INFO org.springframework.boot.test.context.SpringBootTestContextBootstrapper -- Found @SpringBootConfiguration com.example.backend.BackendApplication for test class com.example.backend.BackendApplicationTests
11:28:47.843 [main] INFO org.springframework.boot.devtools.restart.RestartApplicationListener -- Restart disabled due to context in which it is running

  .   ____          _            __ _ _
 /\\ / ___'_ __ _ _(_)_ __  __ _ \ \ \ \
( ( )\___ | '_ | '_| | '_ \/ _` | \ \ \ \
 \\/  ___)| |_)| | | | | || (_| |  ) ) ) )
  '  |____| .__|_| |_|_| |_\__, | / / / /
 =========|_|==============|___/=/_/_/_/

 :: Spring Boot ::                (v3.3.3)

2025-08-18 11:28:47 [main] INFO  c.e.backend.BackendApplicationTests - Starting BackendApplicationTests using Java 17.0.16 with PID 37074 (started by sreyamajumder in /Users/sreyamajumder/Contests/Therap-JavaFest-2025/Therap-javafest/Shahay_Javafest/backend)
2025-08-18 11:28:47 [main] DEBUG c.e.backend.BackendApplicationTests - Running with Spring Boot v3.3.3, Spring v6.1.12
2025-08-18 11:28:47 [main] INFO  c.e.backend.BackendApplicationTests - The following 1 profile is active: "development"
2025-08-18 11:28:49 [main] WARN  org.hibernate.orm.deprecation - HHH90000025: H2Dialect does not need to be specified explicitly using 'hibernate.dialect' (remove the property setting and it will be selected by default)
2025-08-18 11:28:50 [main] DEBUG org.hibernate.SQL - 
    drop table if exists abuse_reports cascade 
2025-08-18 11:28:50 [main] DEBUG org.hibernate.SQL - 
    drop table if exists blood_donors cascade 
2025-08-18 11:28:50 [main] DEBUG org.hibernate.SQL - 
    drop table if exists blood_requests cascade 
2025-08-18 11:28:50 [main] DEBUG org.hibernate.SQL - 
    drop table if exists emergency_contacts cascade 
2025-08-18 11:28:50 [main] DEBUG org.hibernate.SQL - 
    drop table if exists help_request_responses cascade 
2025-08-18 11:28:50 [main] DEBUG org.hibernate.SQL - 
    drop table if exists help_requests cascade 
2025-08-18 11:28:50 [main] DEBUG org.hibernate.SQL - 
    drop table if exists missing_person_sightings cascade 
2025-08-18 11:28:50 [main] DEBUG org.hibernate.SQL - 
    drop table if exists missing_persons cascade 
2025-08-18 11:28:50 [main] DEBUG org.hibernate.SQL - 
    drop table if exists notifications cascade 
2025-08-18 11:28:50 [main] DEBUG org.hibernate.SQL - 
    drop table if exists skills cascade 
2025-08-18 11:28:50 [main] DEBUG org.hibernate.SQL - 
    drop table if exists sos_alerts cascade 
2025-08-18 11:28:50 [main] DEBUG org.hibernate.SQL - 
    drop table if exists users cascade 
2025-08-18 11:28:50 [main] DEBUG org.hibernate.SQL - 
    drop table if exists volunteer_skills cascade 
2025-08-18 11:28:50 [main] DEBUG org.hibernate.SQL - 
    drop table if exists volunteers cascade 
2025-08-18 11:28:50 [main] DEBUG org.hibernate.SQL - 
    create table abuse_reports (
        follow_up_required boolean,
        incident_date date,
        incident_time time(6),
        is_anonymous boolean,
        victim_age integer,
        assigned_admin_id bigint,
        created_at timestamp(6),
        id bigint generated by default as identity,
        reporter_id bigint,
        updated_at timestamp(6),
        victim_gender varchar(20),
        police_report_number varchar(100),
        victim_name varchar(100),
        description TEXT not null,
        incident_location TEXT,
        ai_risk_assessment jsonb,
        evidence_files text[],
        report_type enum ('CHILD_ABUSE','DOMESTIC_VIOLENCE','ELDER_ABUSE','HARASSMENT','OTHER','TRAFFICKING') not null,
        status enum ('CLOSED','INVESTIGATING','RESOLVED','SUBMITTED','UNDER_REVIEW'),
        urgency_level enum ('CRITICAL','HIGH','LOW','MEDIUM'),
        primary key (id)
    )
2025-08-18 11:28:50 [main] WARN  o.h.t.s.i.ExceptionHandlerLoggedImpl - GenerationTarget encountered exception accepting command : Error executing DDL "
    create table abuse_reports (
        follow_up_required boolean,
        incident_date date,
        incident_time time(6),
        is_anonymous boolean,
        victim_age integer,
        assigned_admin_id bigint,
        created_at timestamp(6),
        id bigint generated by default as identity,
        reporter_id bigint,
        updated_at timestamp(6),
        victim_gender varchar(20),
        police_report_number varchar(100),
        victim_name varchar(100),
        description TEXT not null,
        incident_location TEXT,
        ai_risk_assessment jsonb,
        evidence_files text[],
        report_type enum ('CHILD_ABUSE','DOMESTIC_VIOLENCE','ELDER_ABUSE','HARASSMENT','OTHER','TRAFFICKING') not null,
        status enum ('CLOSED','INVESTIGATING','RESOLVED','SUBMITTED','UNDER_REVIEW'),
        urgency_level enum ('CRITICAL','HIGH','LOW','MEDIUM'),
        primary key (id)
    )" via JDBC [Syntax error in SQL statement "\000a    create table abuse_reports (\000a        follow_up_required boolean,\000a        incident_date date,\000a        incident_time time(6),\000a        is_anonymous boolean,\000a        victim_age integer,\000a        assigned_admin_id bigint,\000a        created_at timestamp(6),\000a        id bigint generated by default as identity,\000a        reporter_id bigint,\000a        updated_at timestamp(6),\000a        victim_gender varchar(20),\000a        police_report_number varchar(100),\000a        victim_name varchar(100),\000a        description TEXT not null,\000a        incident_location TEXT,\000a        ai_risk_assessment jsonb,\000a        evidence_files text[*][],\000a        report_type enum ('CHILD_ABUSE','DOMESTIC_VIOLENCE','ELDER_ABUSE','HARASSMENT','OTHER','TRAFFICKING') not null,\000a        status enum ('CLOSED','INVESTIGATING','RESOLVED','SUBMITTED','UNDER_REVIEW'),\000a        urgency_level enum ('CRITICAL','HIGH','LOW','MEDIUM'),\000a        primary key (id)\000a    )"; expected "(, ARRAY, INVISIBLE, VISIBLE, NOT NULL, DEFAULT, GENERATED, ON UPDATE, NOT NULL, DEFAULT ON NULL, SEQUENCE, SELECTIVITY, COMMENT, CONSTRAINT, COMMENT, PRIMARY KEY, UNIQUE, NOT NULL, CHECK, REFERENCES, ,, )";]
org.hibernate.tool.schema.spi.CommandAcceptanceException: Error executing DDL "
    create table abuse_reports (
        follow_up_required boolean,
        incident_date date,
        incident_time time(6),
        is_anonymous boolean,
        victim_age integer,
        assigned_admin_id bigint,
        created_at timestamp(6),
        id bigint generated by default as identity,
        reporter_id bigint,
        updated_at timestamp(6),
        victim_gender varchar(20),
        police_report_number varchar(100),
        victim_name varchar(100),
        description TEXT not null,
        incident_location TEXT,
        ai_risk_assessment jsonb,
        evidence_files text[],
        report_type enum ('CHILD_ABUSE','DOMESTIC_VIOLENCE','ELDER_ABUSE','HARASSMENT','OTHER','TRAFFICKING') not null,
        status enum ('CLOSED','INVESTIGATING','RESOLVED','SUBMITTED','UNDER_REVIEW'),
        urgency_level enum ('CRITICAL','HIGH','LOW','MEDIUM'),
        primary key (id)
    )" via JDBC [Syntax error in SQL statement "\000a    create table abuse_reports (\000a        follow_up_required boolean,\000a        incident_date date,\000a        incident_time time(6),\000a        is_anonymous boolean,\000a        victim_age integer,\000a        assigned_admin_id bigint,\000a        created_at timestamp(6),\000a        id bigint generated by default as identity,\000a        reporter_id bigint,\000a        updated_at timestamp(6),\000a        victim_gender varchar(20),\000a        police_report_number varchar(100),\000a        victim_name varchar(100),\000a        description TEXT not null,\000a        incident_location TEXT,\000a        ai_risk_assessment jsonb,\000a        evidence_files text[*][],\000a        report_type enum ('CHILD_ABUSE','DOMESTIC_VIOLENCE','ELDER_ABUSE','HARASSMENT','OTHER','TRAFFICKING') not null,\000a        status enum ('CLOSED','INVESTIGATING','RESOLVED','SUBMITTED','UNDER_REVIEW'),\000a        urgency_level enum ('CRITICAL','HIGH','LOW','MEDIUM'),\000a        primary key (id)\000a    )"; expected "(, ARRAY, INVISIBLE, VISIBLE, NOT NULL, DEFAULT, GENERATED, ON UPDATE, NOT NULL, DEFAULT ON NULL, SEQUENCE, SELECTIVITY, COMMENT, CONSTRAINT, COMMENT, PRIMARY KEY, UNIQUE, NOT NULL, CHECK, REFERENCES, ,, )";]
	at org.hibernate.tool.schema.internal.exec.GenerationTargetToDatabase.accept(GenerationTargetToDatabase.java:94)
	at org.hibernate.tool.schema.internal.Helper.applySqlString(Helper.java:233)
	at org.hibernate.tool.schema.internal.Helper.applySqlStrings(Helper.java:217)
	at org.hibernate.tool.schema.internal.SchemaCreatorImpl.createTables(SchemaCreatorImpl.java:428)
	at org.hibernate.tool.schema.internal.SchemaCreatorImpl.createSequencesTablesConstraints(SchemaCreatorImpl.java:344)
	at org.hibernate.tool.schema.internal.SchemaCreatorImpl.createFromMetadata(SchemaCreatorImpl.java:239)
	at org.hibernate.tool.schema.internal.SchemaCreatorImpl.performCreation(SchemaCreatorImpl.java:172)
	at org.hibernate.tool.schema.internal.SchemaCreatorImpl.doCreation(SchemaCreatorImpl.java:142)
	at org.hibernate.tool.schema.internal.SchemaCreatorImpl.doCreation(SchemaCreatorImpl.java:118)
	at org.hibernate.tool.schema.spi.SchemaManagementToolCoordinator.performDatabaseAction(SchemaManagementToolCoordinator.java:250)
	at org.hibernate.tool.schema.spi.SchemaManagementToolCoordinator.lambda$process$5(SchemaManagementToolCoordinator.java:144)
	at java.base/java.util.HashMap.forEach(HashMap.java:1421)
	at org.hibernate.tool.schema.spi.SchemaManagementToolCoordinator.process(SchemaManagementToolCoordinator.java:141)
	at org.hibernate.boot.internal.SessionFactoryObserverForSchemaExport.sessionFactoryCreated(SessionFactoryObserverForSchemaExport.java:37)
	at org.hibernate.internal.SessionFactoryObserverChain.sessionFactoryCreated(SessionFactoryObserverChain.java:35)
	at org.hibernate.internal.SessionFactoryImpl.<init>(SessionFactoryImpl.java:322)
	at org.hibernate.boot.internal.SessionFactoryBuilderImpl.build(SessionFactoryBuilderImpl.java:457)
	at org.hibernate.jpa.boot.internal.EntityManagerFactoryBuilderImpl.build(EntityManagerFactoryBuilderImpl.java:1506)
	at org.springframework.orm.jpa.vendor.SpringHibernateJpaPersistenceProvider.createContainerEntityManagerFactory(SpringHibernateJpaPersistenceProvider.java:75)
	at org.springframework.orm.jpa.LocalContainerEntityManagerFactoryBean.createNativeEntityManagerFactory(LocalContainerEntityManagerFactoryBean.java:390)
	at org.springframework.orm.jpa.AbstractEntityManagerFactoryBean.buildNativeEntityManagerFactory(AbstractEntityManagerFactoryBean.java:409)
	at org.springframework.orm.jpa.AbstractEntityManagerFactoryBean.afterPropertiesSet(AbstractEntityManagerFactoryBean.java:396)
	at org.springframework.orm.jpa.LocalContainerEntityManagerFactoryBean.afterPropertiesSet(LocalContainerEntityManagerFactoryBean.java:366)
	at org.springframework.beans.factory.support.AbstractAutowireCapableBeanFactory.invokeInitMethods(AbstractAutowireCapableBeanFactory.java:1853)
	at org.springframework.beans.factory.support.AbstractAutowireCapableBeanFactory.initializeBean(AbstractAutowireCapableBeanFactory.java:1802)
	at org.springframework.beans.factory.support.AbstractAutowireCapableBeanFactory.doCreateBean(AbstractAutowireCapableBeanFactory.java:600)
	at org.springframework.beans.factory.support.AbstractAutowireCapableBeanFactory.createBean(AbstractAutowireCapableBeanFactory.java:522)
	at org.springframework.beans.factory.support.AbstractBeanFactory.lambda$doGetBean$0(AbstractBeanFactory.java:337)
	at org.springframework.beans.factory.support.DefaultSingletonBeanRegistry.getSingleton(DefaultSingletonBeanRegistry.java:234)
	at org.springframework.beans.factory.support.AbstractBeanFactory.doGetBean(AbstractBeanFactory.java:335)
	at org.springframework.beans.factory.support.AbstractBeanFactory.getBean(AbstractBeanFactory.java:205)
	at org.springframework.context.support.AbstractApplicationContext.finishBeanFactoryInitialization(AbstractApplicationContext.java:954)
	at org.springframework.context.support.AbstractApplicationContext.refresh(AbstractApplicationContext.java:625)
	at org.springframework.boot.SpringApplication.refresh(SpringApplication.java:754)
	at org.springframework.boot.SpringApplication.refreshContext(SpringApplication.java:456)
	at org.springframework.boot.SpringApplication.run(SpringApplication.java:335)
	at org.springframework.boot.test.context.SpringBootContextLoader.lambda$loadContext$3(SpringBootContextLoader.java:137)
	at org.springframework.util.function.ThrowingSupplier.get(ThrowingSupplier.java:58)
	at org.springframework.util.function.ThrowingSupplier.get(ThrowingSupplier.java:46)
	at org.springframework.boot.SpringApplication.withHook(SpringApplication.java:1463)
	at org.springframework.boot.test.context.SpringBootContextLoader$ContextLoaderHook.run(SpringBootContextLoader.java:553)
	at org.springframework.boot.test.context.SpringBootContextLoader.loadContext(SpringBootContextLoader.java:137)
	at org.springframework.boot.test.context.SpringBootContextLoader.loadContext(SpringBootContextLoader.java:108)
	at org.springframework.test.context.cache.DefaultCacheAwareContextLoaderDelegate.loadContextInternal(DefaultCacheAwareContextLoaderDelegate.java:225)
	at org.springframework.test.context.cache.DefaultCacheAwareContextLoaderDelegate.loadContext(DefaultCacheAwareContextLoaderDelegate.java:152)
	at org.springframework.test.context.support.DefaultTestContext.getApplicationContext(DefaultTestContext.java:130)
	at org.springframework.test.context.web.ServletTestExecutionListener.setUpRequestContextIfNecessary(ServletTestExecutionListener.java:191)
	at org.springframework.test.context.web.ServletTestExecutionListener.prepareTestInstance(ServletTestExecutionListener.java:130)
	at org.springframework.test.context.TestContextManager.prepareTestInstance(TestContextManager.java:260)
	at org.springframework.test.context.junit.jupiter.SpringExtension.postProcessTestInstance(SpringExtension.java:163)
	at org.junit.jupiter.engine.descriptor.ClassBasedTestDescriptor.lambda$invokeTestInstancePostProcessors$10(ClassBasedTestDescriptor.java:378)
	at org.junit.jupiter.engine.descriptor.ClassBasedTestDescriptor.executeAndMaskThrowable(ClassBasedTestDescriptor.java:383)
	at org.junit.jupiter.engine.descriptor.ClassBasedTestDescriptor.lambda$invokeTestInstancePostProcessors$11(ClassBasedTestDescriptor.java:378)
	at java.base/java.util.stream.ReferencePipeline$3$1.accept(ReferencePipeline.java:197)
	at java.base/java.util.stream.ReferencePipeline$2$1.accept(ReferencePipeline.java:179)
	at java.base/java.util.ArrayList$ArrayListSpliterator.forEachRemaining(ArrayList.java:1625)
	at java.base/java.util.stream.AbstractPipeline.copyInto(AbstractPipeline.java:509)
	at java.base/java.util.stream.AbstractPipeline.wrapAndCopyInto(AbstractPipeline.java:499)
	at java.base/java.util.stream.StreamSpliterators$WrappingSpliterator.forEachRemaining(StreamSpliterators.java:310)
	at java.base/java.util.stream.Streams$ConcatSpliterator.forEachRemaining(Streams.java:735)
	at java.base/java.util.stream.Streams$ConcatSpliterator.forEachRemaining(Streams.java:734)
	at java.base/java.util.stream.ReferencePipeline$Head.forEach(ReferencePipeline.java:762)
	at org.junit.jupiter.engine.descriptor.ClassBasedTestDescriptor.invokeTestInstancePostProcessors(ClassBasedTestDescriptor.java:377)
	at org.junit.jupiter.engine.descriptor.ClassBasedTestDescriptor.lambda$instantiateAndPostProcessTestInstance$6(ClassBasedTestDescriptor.java:290)
	at org.junit.platform.engine.support.hierarchical.ThrowableCollector.execute(ThrowableCollector.java:73)
	at org.junit.jupiter.engine.descriptor.ClassBasedTestDescriptor.instantiateAndPostProcessTestInstance(ClassBasedTestDescriptor.java:289)
	at org.junit.jupiter.engine.descriptor.ClassBasedTestDescriptor.lambda$testInstancesProvider$4(ClassBasedTestDescriptor.java:279)
	at java.base/java.util.Optional.orElseGet(Optional.java:364)
	at org.junit.jupiter.engine.descriptor.ClassBasedTestDescriptor.lambda$testInstancesProvider$5(ClassBasedTestDescriptor.java:278)
	at org.junit.jupiter.engine.execution.TestInstancesProvider.getTestInstances(TestInstancesProvider.java:31)
	at org.junit.jupiter.engine.descriptor.TestMethodTestDescriptor.lambda$prepare$0(TestMethodTestDescriptor.java:106)
	at org.junit.platform.engine.support.hierarchical.ThrowableCollector.execute(ThrowableCollector.java:73)
	at org.junit.jupiter.engine.descriptor.TestMethodTestDescriptor.prepare(TestMethodTestDescriptor.java:105)
	at org.junit.jupiter.engine.descriptor.TestMethodTestDescriptor.prepare(TestMethodTestDescriptor.java:69)
	at org.junit.platform.engine.support.hierarchical.NodeTestTask.lambda$prepare$2(NodeTestTask.java:123)
	at org.junit.platform.engine.support.hierarchical.ThrowableCollector.execute(ThrowableCollector.java:73)
	at org.junit.platform.engine.support.hierarchical.NodeTestTask.prepare(NodeTestTask.java:123)
	at org.junit.platform.engine.support.hierarchical.NodeTestTask.execute(NodeTestTask.java:90)
	at java.base/java.util.ArrayList.forEach(ArrayList.java:1511)
	at org.junit.platform.engine.support.hierarchical.SameThreadHierarchicalTestExecutorService.invokeAll(SameThreadHierarchicalTestExecutorService.java:41)
	at org.junit.platform.engine.support.hierarchical.NodeTestTask.lambda$executeRecursively$6(NodeTestTask.java:155)
	at org.junit.platform.engine.support.hierarchical.ThrowableCollector.execute(ThrowableCollector.java:73)
	at org.junit.platform.engine.support.hierarchical.NodeTestTask.lambda$executeRecursively$8(NodeTestTask.java:141)
	at org.junit.platform.engine.support.hierarchical.Node.around(Node.java:137)
	at org.junit.platform.engine.support.hierarchical.NodeTestTask.lambda$executeRecursively$9(NodeTestTask.java:139)
	at org.junit.platform.engine.support.hierarchical.ThrowableCollector.execute(ThrowableCollector.java:73)
	at org.junit.platform.engine.support.hierarchical.NodeTestTask.executeRecursively(NodeTestTask.java:138)
	at org.junit.platform.engine.support.hierarchical.NodeTestTask.execute(NodeTestTask.java:95)
	at java.base/java.util.ArrayList.forEach(ArrayList.java:1511)
	at org.junit.platform.engine.support.hierarchical.SameThreadHierarchicalTestExecutorService.invokeAll(SameThreadHierarchicalTestExecutorService.java:41)
	at org.junit.platform.engine.support.hierarchical.NodeTestTask.lambda$executeRecursively$6(NodeTestTask.java:155)
	at org.junit.platform.engine.support.hierarchical.ThrowableCollector.execute(ThrowableCollector.java:73)
	at org.junit.platform.engine.support.hierarchical.NodeTestTask.lambda$executeRecursively$8(NodeTestTask.java:141)
	at org.junit.platform.engine.support.hierarchical.Node.around(Node.java:137)
	at org.junit.platform.engine.support.hierarchical.NodeTestTask.lambda$executeRecursively$9(NodeTestTask.java:139)
	at org.junit.platform.engine.support.hierarchical.ThrowableCollector.execute(ThrowableCollector.java:73)
	at org.junit.platform.engine.support.hierarchical.NodeTestTask.executeRecursively(NodeTestTask.java:138)
	at org.junit.platform.engine.support.hierarchical.NodeTestTask.execute(NodeTestTask.java:95)
	at org.junit.platform.engine.support.hierarchical.SameThreadHierarchicalTestExecutorService.submit(SameThreadHierarchicalTestExecutorService.java:35)
	at org.junit.platform.engine.support.hierarchical.HierarchicalTestExecutor.execute(HierarchicalTestExecutor.java:57)
	at org.junit.platform.engine.support.hierarchical.HierarchicalTestEngine.execute(HierarchicalTestEngine.java:54)
	at org.junit.platform.launcher.core.EngineExecutionOrchestrator.execute(EngineExecutionOrchestrator.java:198)
	at org.junit.platform.launcher.core.EngineExecutionOrchestrator.execute(EngineExecutionOrchestrator.java:169)
	at org.junit.platform.launcher.core.EngineExecutionOrchestrator.execute(EngineExecutionOrchestrator.java:93)
	at org.junit.platform.launcher.core.EngineExecutionOrchestrator.lambda$execute$0(EngineExecutionOrchestrator.java:58)
	at org.junit.platform.launcher.core.EngineExecutionOrchestrator.withInterceptedStreams(EngineExecutionOrchestrator.java:141)
	at org.junit.platform.launcher.core.EngineExecutionOrchestrator.execute(EngineExecutionOrchestrator.java:57)
	at org.junit.platform.launcher.core.DefaultLauncher.execute(DefaultLauncher.java:103)
	at org.junit.platform.launcher.core.DefaultLauncher.execute(DefaultLauncher.java:85)
	at org.junit.platform.launcher.core.DelegatingLauncher.execute(DelegatingLauncher.java:47)
	at org.apache.maven.surefire.junitplatform.LazyLauncher.execute(LazyLauncher.java:56)
	at org.apache.maven.surefire.junitplatform.JUnitPlatformProvider.execute(JUnitPlatformProvider.java:184)
	at org.apache.maven.surefire.junitplatform.JUnitPlatformProvider.invokeAllTests(JUnitPlatformProvider.java:148)
	at org.apache.maven.surefire.junitplatform.JUnitPlatformProvider.invoke(JUnitPlatformProvider.java:122)
	at org.apache.maven.surefire.booter.ForkedBooter.runSuitesInProcess(ForkedBooter.java:385)
	at org.apache.maven.surefire.booter.ForkedBooter.execute(ForkedBooter.java:162)
	at org.apache.maven.surefire.booter.ForkedBooter.run(ForkedBooter.java:507)
	at org.apache.maven.surefire.booter.ForkedBooter.main(ForkedBooter.java:495)
Caused by: org.h2.jdbc.JdbcSQLSyntaxErrorException: Syntax error in SQL statement "\000a    create table abuse_reports (\000a        follow_up_required boolean,\000a        incident_date date,\000a        incident_time time(6),\000a        is_anonymous boolean,\000a        victim_age integer,\000a        assigned_admin_id bigint,\000a        created_at timestamp(6),\000a        id bigint generated by default as identity,\000a        reporter_id bigint,\000a        updated_at timestamp(6),\000a        victim_gender varchar(20),\000a        police_report_number varchar(100),\000a        victim_name varchar(100),\000a        description TEXT not null,\000a        incident_location TEXT,\000a        ai_risk_assessment jsonb,\000a        evidence_files text[*][],\000a        report_type enum ('CHILD_ABUSE','DOMESTIC_VIOLENCE','ELDER_ABUSE','HARASSMENT','OTHER','TRAFFICKING') not null,\000a        status enum ('CLOSED','INVESTIGATING','RESOLVED','SUBMITTED','UNDER_REVIEW'),\000a        urgency_level enum ('CRITICAL','HIGH','LOW','MEDIUM'),\000a        primary key (id)\000a    )"; expected "(, ARRAY, INVISIBLE, VISIBLE, NOT NULL, DEFAULT, GENERATED, ON UPDATE, NOT NULL, DEFAULT ON NULL, SEQUENCE, SELECTIVITY, COMMENT, CONSTRAINT, COMMENT, PRIMARY KEY, UNIQUE, NOT NULL, CHECK, REFERENCES, ,, )"; SQL statement:

    create table abuse_reports (
        follow_up_required boolean,
        incident_date date,
        incident_time time(6),
        is_anonymous boolean,
        victim_age integer,
        assigned_admin_id bigint,
        created_at timestamp(6),
        id bigint generated by default as identity,
        reporter_id bigint,
        updated_at timestamp(6),
        victim_gender varchar(20),
        police_report_number varchar(100),
        victim_name varchar(100),
        description TEXT not null,
        incident_location TEXT,
        ai_risk_assessment jsonb,
        evidence_files text[],
        report_type enum ('CHILD_ABUSE','DOMESTIC_VIOLENCE','ELDER_ABUSE','HARASSMENT','OTHER','TRAFFICKING') not null,
        status enum ('CLOSED','INVESTIGATING','RESOLVED','SUBMITTED','UNDER_REVIEW'),
        urgency_level enum ('CRITICAL','HIGH','LOW','MEDIUM'),
        primary key (id)
    ) [42001-224]
	at org.h2.message.DbException.getJdbcSQLException(DbException.java:514)
	at org.h2.message.DbException.getJdbcSQLException(DbException.java:489)
	at org.h2.message.DbException.getSyntaxError(DbException.java:261)
	at org.h2.command.ParserBase.getSyntaxError(ParserBase.java:750)
	at org.h2.command.ParserBase.read(ParserBase.java:357)
	at org.h2.command.ParserBase.readIfMore(ParserBase.java:625)
	at org.h2.command.Parser.parseCreateTable(Parser.java:8940)
	at org.h2.command.Parser.parseCreate(Parser.java:6404)
	at org.h2.command.Parser.parsePrepared(Parser.java:666)
	at org.h2.command.Parser.parse(Parser.java:592)
	at org.h2.command.Parser.parse(Parser.java:569)
	at org.h2.command.Parser.prepareCommand(Parser.java:483)
	at org.h2.engine.SessionLocal.prepareLocal(SessionLocal.java:639)
	at org.h2.engine.SessionLocal.prepareCommand(SessionLocal.java:559)
	at org.h2.jdbc.JdbcConnection.prepareCommand(JdbcConnection.java:1166)
	at org.h2.jdbc.JdbcStatement.executeInternal(JdbcStatement.java:245)
	at org.h2.jdbc.JdbcStatement.execute(JdbcStatement.java:231)
	at com.zaxxer.hikari.pool.ProxyStatement.execute(ProxyStatement.java:94)
	at com.zaxxer.hikari.pool.HikariProxyStatement.execute(HikariProxyStatement.java)
	at org.hibernate.tool.schema.internal.exec.GenerationTargetToDatabase.accept(GenerationTargetToDatabase.java:80)
	... 117 common frames omitted
2025-08-18 11:28:50 [main] DEBUG org.hibernate.SQL - 
    create table blood_donors (
        emergency_donor boolean,
        is_available boolean,
        last_donation_date date,
        medical_eligibility boolean,
        weight_kg integer,
        created_at timestamp(6),
        id bigint generated by default as identity,
        updated_at timestamp(6),
        user_id bigint not null unique,
        health_conditions TEXT,
        blood_type enum ('AB_NEGATIVE','AB_POSITIVE','A_NEGATIVE','A_POSITIVE','B_NEGATIVE','B_POSITIVE','O_NEGATIVE','O_POSITIVE') not null,
        contact_preference enum ('APP','EMAIL','PHONE'),
        preferred_donation_centers text[],
        primary key (id)
    )
2025-08-18 11:28:50 [main] WARN  o.h.t.s.i.ExceptionHandlerLoggedImpl - GenerationTarget encountered exception accepting command : Error executing DDL "
    create table blood_donors (
        emergency_donor boolean,
        is_available boolean,
        last_donation_date date,
        medical_eligibility boolean,
        weight_kg integer,
        created_at timestamp(6),
        id bigint generated by default as identity,
        updated_at timestamp(6),
        user_id bigint not null unique,
        health_conditions TEXT,
        blood_type enum ('AB_NEGATIVE','AB_POSITIVE','A_NEGATIVE','A_POSITIVE','B_NEGATIVE','B_POSITIVE','O_NEGATIVE','O_POSITIVE') not null,
        contact_preference enum ('APP','EMAIL','PHONE'),
        preferred_donation_centers text[],
        primary key (id)
    )" via JDBC [Syntax error in SQL statement "\000a    create table blood_donors (\000a        emergency_donor boolean,\000a        is_available boolean,\000a        last_donation_date date,\000a        medical_eligibility boolean,\000a        weight_kg integer,\000a        created_at timestamp(6),\000a        id bigint generated by default as identity,\000a        updated_at timestamp(6),\000a        user_id bigint not null unique,\000a        health_conditions TEXT,\000a        blood_type enum ('AB_NEGATIVE','AB_POSITIVE','A_NEGATIVE','A_POSITIVE','B_NEGATIVE','B_POSITIVE','O_NEGATIVE','O_POSITIVE') not null,\000a        contact_preference enum ('APP','EMAIL','PHONE'),\000a        preferred_donation_centers text[*][],\000a        primary key (id)\000a    )"; expected "(, ARRAY, INVISIBLE, VISIBLE, NOT NULL, DEFAULT, GENERATED, ON UPDATE, NOT NULL, DEFAULT ON NULL, SEQUENCE, SELECTIVITY, COMMENT, CONSTRAINT, COMMENT, PRIMARY KEY, UNIQUE, NOT NULL, CHECK, REFERENCES, ,, )";]
org.hibernate.tool.schema.spi.CommandAcceptanceException: Error executing DDL "
    create table blood_donors (
        emergency_donor boolean,
        is_available boolean,
        last_donation_date date,
        medical_eligibility boolean,
        weight_kg integer,
        created_at timestamp(6),
        id bigint generated by default as identity,
        updated_at timestamp(6),
        user_id bigint not null unique,
        health_conditions TEXT,
        blood_type enum ('AB_NEGATIVE','AB_POSITIVE','A_NEGATIVE','A_POSITIVE','B_NEGATIVE','B_POSITIVE','O_NEGATIVE','O_POSITIVE') not null,
        contact_preference enum ('APP','EMAIL','PHONE'),
        preferred_donation_centers text[],
        primary key (id)
    )" via JDBC [Syntax error in SQL statement "\000a    create table blood_donors (\000a        emergency_donor boolean,\000a        is_available boolean,\000a        last_donation_date date,\000a        medical_eligibility boolean,\000a        weight_kg integer,\000a        created_at timestamp(6),\000a        id bigint generated by default as identity,\000a        updated_at timestamp(6),\000a        user_id bigint not null unique,\000a        health_conditions TEXT,\000a        blood_type enum ('AB_NEGATIVE','AB_POSITIVE','A_NEGATIVE','A_POSITIVE','B_NEGATIVE','B_POSITIVE','O_NEGATIVE','O_POSITIVE') not null,\000a        contact_preference enum ('APP','EMAIL','PHONE'),\000a        preferred_donation_centers text[*][],\000a        primary key (id)\000a    )"; expected "(, ARRAY, INVISIBLE, VISIBLE, NOT NULL, DEFAULT, GENERATED, ON UPDATE, NOT NULL, DEFAULT ON NULL, SEQUENCE, SELECTIVITY, COMMENT, CONSTRAINT, COMMENT, PRIMARY KEY, UNIQUE, NOT NULL, CHECK, REFERENCES, ,, )";]
	at org.hibernate.tool.schema.internal.exec.GenerationTargetToDatabase.accept(GenerationTargetToDatabase.java:94)
	at org.hibernate.tool.schema.internal.Helper.applySqlString(Helper.java:233)
	at org.hibernate.tool.schema.internal.Helper.applySqlStrings(Helper.java:217)
	at org.hibernate.tool.schema.internal.SchemaCreatorImpl.createTables(SchemaCreatorImpl.java:428)
	at org.hibernate.tool.schema.internal.SchemaCreatorImpl.createSequencesTablesConstraints(SchemaCreatorImpl.java:344)
	at org.hibernate.tool.schema.internal.SchemaCreatorImpl.createFromMetadata(SchemaCreatorImpl.java:239)
	at org.hibernate.tool.schema.internal.SchemaCreatorImpl.performCreation(SchemaCreatorImpl.java:172)
	at org.hibernate.tool.schema.internal.SchemaCreatorImpl.doCreation(SchemaCreatorImpl.java:142)
	at org.hibernate.tool.schema.internal.SchemaCreatorImpl.doCreation(SchemaCreatorImpl.java:118)
	at org.hibernate.tool.schema.spi.SchemaManagementToolCoordinator.performDatabaseAction(SchemaManagementToolCoordinator.java:250)
	at org.hibernate.tool.schema.spi.SchemaManagementToolCoordinator.lambda$process$5(SchemaManagementToolCoordinator.java:144)
	at java.base/java.util.HashMap.forEach(HashMap.java:1421)
	at org.hibernate.tool.schema.spi.SchemaManagementToolCoordinator.process(SchemaManagementToolCoordinator.java:141)
	at org.hibernate.boot.internal.SessionFactoryObserverForSchemaExport.sessionFactoryCreated(SessionFactoryObserverForSchemaExport.java:37)
	at org.hibernate.internal.SessionFactoryObserverChain.sessionFactoryCreated(SessionFactoryObserverChain.java:35)
	at org.hibernate.internal.SessionFactoryImpl.<init>(SessionFactoryImpl.java:322)
	at org.hibernate.boot.internal.SessionFactoryBuilderImpl.build(SessionFactoryBuilderImpl.java:457)
	at org.hibernate.jpa.boot.internal.EntityManagerFactoryBuilderImpl.build(EntityManagerFactoryBuilderImpl.java:1506)
	at org.springframework.orm.jpa.vendor.SpringHibernateJpaPersistenceProvider.createContainerEntityManagerFactory(SpringHibernateJpaPersistenceProvider.java:75)
	at org.springframework.orm.jpa.LocalContainerEntityManagerFactoryBean.createNativeEntityManagerFactory(LocalContainerEntityManagerFactoryBean.java:390)
	at org.springframework.orm.jpa.AbstractEntityManagerFactoryBean.buildNativeEntityManagerFactory(AbstractEntityManagerFactoryBean.java:409)
	at org.springframework.orm.jpa.AbstractEntityManagerFactoryBean.afterPropertiesSet(AbstractEntityManagerFactoryBean.java:396)
	at org.springframework.orm.jpa.LocalContainerEntityManagerFactoryBean.afterPropertiesSet(LocalContainerEntityManagerFactoryBean.java:366)
	at org.springframework.beans.factory.support.AbstractAutowireCapableBeanFactory.invokeInitMethods(AbstractAutowireCapableBeanFactory.java:1853)
	at org.springframework.beans.factory.support.AbstractAutowireCapableBeanFactory.initializeBean(AbstractAutowireCapableBeanFactory.java:1802)
	at org.springframework.beans.factory.support.AbstractAutowireCapableBeanFactory.doCreateBean(AbstractAutowireCapableBeanFactory.java:600)
	at org.springframework.beans.factory.support.AbstractAutowireCapableBeanFactory.createBean(AbstractAutowireCapableBeanFactory.java:522)
	at org.springframework.beans.factory.support.AbstractBeanFactory.lambda$doGetBean$0(AbstractBeanFactory.java:337)
	at org.springframework.beans.factory.support.DefaultSingletonBeanRegistry.getSingleton(DefaultSingletonBeanRegistry.java:234)
	at org.springframework.beans.factory.support.AbstractBeanFactory.doGetBean(AbstractBeanFactory.java:335)
	at org.springframework.beans.factory.support.AbstractBeanFactory.getBean(AbstractBeanFactory.java:205)
	at org.springframework.context.support.AbstractApplicationContext.finishBeanFactoryInitialization(AbstractApplicationContext.java:954)
	at org.springframework.context.support.AbstractApplicationContext.refresh(AbstractApplicationContext.java:625)
	at org.springframework.boot.SpringApplication.refresh(SpringApplication.java:754)
	at org.springframework.boot.SpringApplication.refreshContext(SpringApplication.java:456)
	at org.springframework.boot.SpringApplication.run(SpringApplication.java:335)
	at org.springframework.boot.test.context.SpringBootContextLoader.lambda$loadContext$3(SpringBootContextLoader.java:137)
	at org.springframework.util.function.ThrowingSupplier.get(ThrowingSupplier.java:58)
	at org.springframework.util.function.ThrowingSupplier.get(ThrowingSupplier.java:46)
	at org.springframework.boot.SpringApplication.withHook(SpringApplication.java:1463)
	at org.springframework.boot.test.context.SpringBootContextLoader$ContextLoaderHook.run(SpringBootContextLoader.java:553)
	at org.springframework.boot.test.context.SpringBootContextLoader.loadContext(SpringBootContextLoader.java:137)
	at org.springframework.boot.test.context.SpringBootContextLoader.loadContext(SpringBootContextLoader.java:108)
	at org.springframework.test.context.cache.DefaultCacheAwareContextLoaderDelegate.loadContextInternal(DefaultCacheAwareContextLoaderDelegate.java:225)
	at org.springframework.test.context.cache.DefaultCacheAwareContextLoaderDelegate.loadContext(DefaultCacheAwareContextLoaderDelegate.java:152)
	at org.springframework.test.context.support.DefaultTestContext.getApplicationContext(DefaultTestContext.java:130)
	at org.springframework.test.context.web.ServletTestExecutionListener.setUpRequestContextIfNecessary(ServletTestExecutionListener.java:191)
	at org.springframework.test.context.web.ServletTestExecutionListener.prepareTestInstance(ServletTestExecutionListener.java:130)
	at org.springframework.test.context.TestContextManager.prepareTestInstance(TestContextManager.java:260)
	at org.springframework.test.context.junit.jupiter.SpringExtension.postProcessTestInstance(SpringExtension.java:163)
	at org.junit.jupiter.engine.descriptor.ClassBasedTestDescriptor.lambda$invokeTestInstancePostProcessors$10(ClassBasedTestDescriptor.java:378)
	at org.junit.jupiter.engine.descriptor.ClassBasedTestDescriptor.executeAndMaskThrowable(ClassBasedTestDescriptor.java:383)
	at org.junit.jupiter.engine.descriptor.ClassBasedTestDescriptor.lambda$invokeTestInstancePostProcessors$11(ClassBasedTestDescriptor.java:378)
	at java.base/java.util.stream.ReferencePipeline$3$1.accept(ReferencePipeline.java:197)
	at java.base/java.util.stream.ReferencePipeline$2$1.accept(ReferencePipeline.java:179)
	at java.base/java.util.ArrayList$ArrayListSpliterator.forEachRemaining(ArrayList.java:1625)
	at java.base/java.util.stream.AbstractPipeline.copyInto(AbstractPipeline.java:509)
	at java.base/java.util.stream.AbstractPipeline.wrapAndCopyInto(AbstractPipeline.java:499)
	at java.base/java.util.stream.StreamSpliterators$WrappingSpliterator.forEachRemaining(StreamSpliterators.java:310)
	at java.base/java.util.stream.Streams$ConcatSpliterator.forEachRemaining(Streams.java:735)
	at java.base/java.util.stream.Streams$ConcatSpliterator.forEachRemaining(Streams.java:734)
	at java.base/java.util.stream.ReferencePipeline$Head.forEach(ReferencePipeline.java:762)
	at org.junit.jupiter.engine.descriptor.ClassBasedTestDescriptor.invokeTestInstancePostProcessors(ClassBasedTestDescriptor.java:377)
	at org.junit.jupiter.engine.descriptor.ClassBasedTestDescriptor.lambda$instantiateAndPostProcessTestInstance$6(ClassBasedTestDescriptor.java:290)
	at org.junit.platform.engine.support.hierarchical.ThrowableCollector.execute(ThrowableCollector.java:73)
	at org.junit.jupiter.engine.descriptor.ClassBasedTestDescriptor.instantiateAndPostProcessTestInstance(ClassBasedTestDescriptor.java:289)
	at org.junit.jupiter.engine.descriptor.ClassBasedTestDescriptor.lambda$testInstancesProvider$4(ClassBasedTestDescriptor.java:279)
	at java.base/java.util.Optional.orElseGet(Optional.java:364)
	at org.junit.jupiter.engine.descriptor.ClassBasedTestDescriptor.lambda$testInstancesProvider$5(ClassBasedTestDescriptor.java:278)
	at org.junit.jupiter.engine.execution.TestInstancesProvider.getTestInstances(TestInstancesProvider.java:31)
	at org.junit.jupiter.engine.descriptor.TestMethodTestDescriptor.lambda$prepare$0(TestMethodTestDescriptor.java:106)
	at org.junit.platform.engine.support.hierarchical.ThrowableCollector.execute(ThrowableCollector.java:73)
	at org.junit.jupiter.engine.descriptor.TestMethodTestDescriptor.prepare(TestMethodTestDescriptor.java:105)
	at org.junit.jupiter.engine.descriptor.TestMethodTestDescriptor.prepare(TestMethodTestDescriptor.java:69)
	at org.junit.platform.engine.support.hierarchical.NodeTestTask.lambda$prepare$2(NodeTestTask.java:123)
	at org.junit.platform.engine.support.hierarchical.ThrowableCollector.execute(ThrowableCollector.java:73)
	at org.junit.platform.engine.support.hierarchical.NodeTestTask.prepare(NodeTestTask.java:123)
	at org.junit.platform.engine.support.hierarchical.NodeTestTask.execute(NodeTestTask.java:90)
	at java.base/java.util.ArrayList.forEach(ArrayList.java:1511)
	at org.junit.platform.engine.support.hierarchical.SameThreadHierarchicalTestExecutorService.invokeAll(SameThreadHierarchicalTestExecutorService.java:41)
	at org.junit.platform.engine.support.hierarchical.NodeTestTask.lambda$executeRecursively$6(NodeTestTask.java:155)
	at org.junit.platform.engine.support.hierarchical.ThrowableCollector.execute(ThrowableCollector.java:73)
	at org.junit.platform.engine.support.hierarchical.NodeTestTask.lambda$executeRecursively$8(NodeTestTask.java:141)
	at org.junit.platform.engine.support.hierarchical.Node.around(Node.java:137)
	at org.junit.platform.engine.support.hierarchical.NodeTestTask.lambda$executeRecursively$9(NodeTestTask.java:139)
	at org.junit.platform.engine.support.hierarchical.ThrowableCollector.execute(ThrowableCollector.java:73)
	at org.junit.platform.engine.support.hierarchical.NodeTestTask.executeRecursively(NodeTestTask.java:138)
	at org.junit.platform.engine.support.hierarchical.NodeTestTask.execute(NodeTestTask.java:95)
	at java.base/java.util.ArrayList.forEach(ArrayList.java:1511)
	at org.junit.platform.engine.support.hierarchical.SameThreadHierarchicalTestExecutorService.invokeAll(SameThreadHierarchicalTestExecutorService.java:41)
	at org.junit.platform.engine.support.hierarchical.NodeTestTask.lambda$executeRecursively$6(NodeTestTask.java:155)
	at org.junit.platform.engine.support.hierarchical.ThrowableCollector.execute(ThrowableCollector.java:73)
	at org.junit.platform.engine.support.hierarchical.NodeTestTask.lambda$executeRecursively$8(NodeTestTask.java:141)
	at org.junit.platform.engine.support.hierarchical.Node.around(Node.java:137)
	at org.junit.platform.engine.support.hierarchical.NodeTestTask.lambda$executeRecursively$9(NodeTestTask.java:139)
	at org.junit.platform.engine.support.hierarchical.ThrowableCollector.execute(ThrowableCollector.java:73)
	at org.junit.platform.engine.support.hierarchical.NodeTestTask.executeRecursively(NodeTestTask.java:138)
	at org.junit.platform.engine.support.hierarchical.NodeTestTask.execute(NodeTestTask.java:95)
	at org.junit.platform.engine.support.hierarchical.SameThreadHierarchicalTestExecutorService.submit(SameThreadHierarchicalTestExecutorService.java:35)
	at org.junit.platform.engine.support.hierarchical.HierarchicalTestExecutor.execute(HierarchicalTestExecutor.java:57)
	at org.junit.platform.engine.support.hierarchical.HierarchicalTestEngine.execute(HierarchicalTestEngine.java:54)
	at org.junit.platform.launcher.core.EngineExecutionOrchestrator.execute(EngineExecutionOrchestrator.java:198)
	at org.junit.platform.launcher.core.EngineExecutionOrchestrator.execute(EngineExecutionOrchestrator.java:169)
	at org.junit.platform.launcher.core.EngineExecutionOrchestrator.execute(EngineExecutionOrchestrator.java:93)
	at org.junit.platform.launcher.core.EngineExecutionOrchestrator.lambda$execute$0(EngineExecutionOrchestrator.java:58)
	at org.junit.platform.launcher.core.EngineExecutionOrchestrator.withInterceptedStreams(EngineExecutionOrchestrator.java:141)
	at org.junit.platform.launcher.core.EngineExecutionOrchestrator.execute(EngineExecutionOrchestrator.java:57)
	at org.junit.platform.launcher.core.DefaultLauncher.execute(DefaultLauncher.java:103)
	at org.junit.platform.launcher.core.DefaultLauncher.execute(DefaultLauncher.java:85)
	at org.junit.platform.launcher.core.DelegatingLauncher.execute(DelegatingLauncher.java:47)
	at org.apache.maven.surefire.junitplatform.LazyLauncher.execute(LazyLauncher.java:56)
	at org.apache.maven.surefire.junitplatform.JUnitPlatformProvider.execute(JUnitPlatformProvider.java:184)
	at org.apache.maven.surefire.junitplatform.JUnitPlatformProvider.invokeAllTests(JUnitPlatformProvider.java:148)
	at org.apache.maven.surefire.junitplatform.JUnitPlatformProvider.invoke(JUnitPlatformProvider.java:122)
	at org.apache.maven.surefire.booter.ForkedBooter.runSuitesInProcess(ForkedBooter.java:385)
	at org.apache.maven.surefire.booter.ForkedBooter.execute(ForkedBooter.java:162)
	at org.apache.maven.surefire.booter.ForkedBooter.run(ForkedBooter.java:507)
	at org.apache.maven.surefire.booter.ForkedBooter.main(ForkedBooter.java:495)
Caused by: org.h2.jdbc.JdbcSQLSyntaxErrorException: Syntax error in SQL statement "\000a    create table blood_donors (\000a        emergency_donor boolean,\000a        is_available boolean,\000a        last_donation_date date,\000a        medical_eligibility boolean,\000a        weight_kg integer,\000a        created_at timestamp(6),\000a        id bigint generated by default as identity,\000a        updated_at timestamp(6),\000a        user_id bigint not null unique,\000a        health_conditions TEXT,\000a        blood_type enum ('AB_NEGATIVE','AB_POSITIVE','A_NEGATIVE','A_POSITIVE','B_NEGATIVE','B_POSITIVE','O_NEGATIVE','O_POSITIVE') not null,\000a        contact_preference enum ('APP','EMAIL','PHONE'),\000a        preferred_donation_centers text[*][],\000a        primary key (id)\000a    )"; expected "(, ARRAY, INVISIBLE, VISIBLE, NOT NULL, DEFAULT, GENERATED, ON UPDATE, NOT NULL, DEFAULT ON NULL, SEQUENCE, SELECTIVITY, COMMENT, CONSTRAINT, COMMENT, PRIMARY KEY, UNIQUE, NOT NULL, CHECK, REFERENCES, ,, )"; SQL statement:

    create table blood_donors (
        emergency_donor boolean,
        is_available boolean,
        last_donation_date date,
        medical_eligibility boolean,
        weight_kg integer,
        created_at timestamp(6),
        id bigint generated by default as identity,
        updated_at timestamp(6),
        user_id bigint not null unique,
        health_conditions TEXT,
        blood_type enum ('AB_NEGATIVE','AB_POSITIVE','A_NEGATIVE','A_POSITIVE','B_NEGATIVE','B_POSITIVE','O_NEGATIVE','O_POSITIVE') not null,
        contact_preference enum ('APP','EMAIL','PHONE'),
        preferred_donation_centers text[],
        primary key (id)
    ) [42001-224]
	at org.h2.message.DbException.getJdbcSQLException(DbException.java:514)
	at org.h2.message.DbException.getJdbcSQLException(DbException.java:489)
	at org.h2.message.DbException.getSyntaxError(DbException.java:261)
	at org.h2.command.ParserBase.getSyntaxError(ParserBase.java:750)
	at org.h2.command.ParserBase.read(ParserBase.java:357)
	at org.h2.command.ParserBase.readIfMore(ParserBase.java:625)
	at org.h2.command.Parser.parseCreateTable(Parser.java:8940)
	at org.h2.command.Parser.parseCreate(Parser.java:6404)
	at org.h2.command.Parser.parsePrepared(Parser.java:666)
	at org.h2.command.Parser.parse(Parser.java:592)
	at org.h2.command.Parser.parse(Parser.java:569)
	at org.h2.command.Parser.prepareCommand(Parser.java:483)
	at org.h2.engine.SessionLocal.prepareLocal(SessionLocal.java:639)
	at org.h2.engine.SessionLocal.prepareCommand(SessionLocal.java:559)
	at org.h2.jdbc.JdbcConnection.prepareCommand(JdbcConnection.java:1166)
	at org.h2.jdbc.JdbcStatement.executeInternal(JdbcStatement.java:245)
	at org.h2.jdbc.JdbcStatement.execute(JdbcStatement.java:231)
	at com.zaxxer.hikari.pool.ProxyStatement.execute(ProxyStatement.java:94)
	at com.zaxxer.hikari.pool.HikariProxyStatement.execute(HikariProxyStatement.java)
	at org.hibernate.tool.schema.internal.exec.GenerationTargetToDatabase.accept(GenerationTargetToDatabase.java:80)
	... 117 common frames omitted
2025-08-18 11:28:50 [main] DEBUG org.hibernate.SQL - 
    create table blood_requests (
        fulfilled_units integer,
        hospital_latitude numeric(10,8),
        hospital_longitude numeric(11,8),
        needed_by_date date,
        needed_by_time time(6),
        units_needed integer,
        created_at timestamp(6),
        id bigint generated by default as identity,
        requester_id bigint not null,
        updated_at timestamp(6),
        contact_phone varchar(20),
        contact_person varchar(100),
        patient_name varchar(100) not null,
        hospital_name varchar(200),
        additional_requirements TEXT,
        hospital_address TEXT,
        blood_type enum ('AB_NEGATIVE','AB_POSITIVE','A_NEGATIVE','A_POSITIVE','B_NEGATIVE','B_POSITIVE','O_NEGATIVE','O_POSITIVE') not null,
        status enum ('ACTIVE','EXPIRED','FULFILLED','PARTIALLY_FULFILLED'),
        urgency enum ('CRITICAL','HIGH','LOW','MEDIUM'),
        primary key (id)
    )
2025-08-18 11:28:50 [main] DEBUG org.hibernate.SQL - 
    create table emergency_contacts (
        is_primary boolean,
        notify_on_sos boolean,
        created_at timestamp(6),
        id bigint generated by default as identity,
        user_id bigint not null,
        contact_phone varchar(20) not null,
        relationship varchar(50),
        contact_name varchar(100) not null,
        primary key (id)
    )
2025-08-18 11:28:50 [main] DEBUG org.hibernate.SQL - 
    create table help_request_responses (
        availability_confirmed boolean,
        estimated_arrival_time numeric(21,0),
        created_at timestamp(6),
        help_request_id bigint not null,
        id bigint generated by default as identity,
        volunteer_id bigint not null,
        response_message TEXT,
        status enum ('ACCEPTED','PENDING','REJECTED','WITHDRAWN'),
        primary key (id),
        unique (help_request_id, volunteer_id)
    )
2025-08-18 11:28:50 [main] DEBUG org.hibernate.SQL - 
    create table help_requests (
        compensation_offered numeric(10,2),
        is_recurring boolean,
        latitude numeric(10,8),
        longitude numeric(11,8),
        max_distance_km integer,
        scheduled_date date,
        scheduled_time time(6),
        assigned_at timestamp(6),
        assigned_volunteer_id bigint,
        completed_at timestamp(6),
        created_at timestamp(6),
        id bigint generated by default as identity,
        requester_id bigint not null,
        updated_at timestamp(6),
        preferred_volunteer_gender varchar(20),
        category varchar(50) not null,
        estimated_duration varchar(50),
        recurring_pattern varchar(50),
        title varchar(200) not null,
        description TEXT not null,
        location_address TEXT,
        ai_recommended_volunteers jsonb,
        required_skills integer[],
        status enum ('ASSIGNED','CANCELLED','COMPLETED','IN_PROGRESS','OPEN'),
        urgency enum ('HIGH','LOW','MEDIUM','URGENT'),
        primary key (id)
    )
2025-08-18 11:28:50 [main] WARN  o.h.t.s.i.ExceptionHandlerLoggedImpl - GenerationTarget encountered exception accepting command : Error executing DDL "
    create table help_requests (
        compensation_offered numeric(10,2),
        is_recurring boolean,
        latitude numeric(10,8),
        longitude numeric(11,8),
        max_distance_km integer,
        scheduled_date date,
        scheduled_time time(6),
        assigned_at timestamp(6),
        assigned_volunteer_id bigint,
        completed_at timestamp(6),
        created_at timestamp(6),
        id bigint generated by default as identity,
        requester_id bigint not null,
        updated_at timestamp(6),
        preferred_volunteer_gender varchar(20),
        category varchar(50) not null,
        estimated_duration varchar(50),
        recurring_pattern varchar(50),
        title varchar(200) not null,
        description TEXT not null,
        location_address TEXT,
        ai_recommended_volunteers jsonb,
        required_skills integer[],
        status enum ('ASSIGNED','CANCELLED','COMPLETED','IN_PROGRESS','OPEN'),
        urgency enum ('HIGH','LOW','MEDIUM','URGENT'),
        primary key (id)
    )" via JDBC [Syntax error in SQL statement "\000a    create table help_requests (\000a        compensation_offered numeric(10,2),\000a        is_recurring boolean,\000a        latitude numeric(10,8),\000a        longitude numeric(11,8),\000a        max_distance_km integer,\000a        scheduled_date date,\000a        scheduled_time time(6),\000a        assigned_at timestamp(6),\000a        assigned_volunteer_id bigint,\000a        completed_at timestamp(6),\000a        created_at timestamp(6),\000a        id bigint generated by default as identity,\000a        requester_id bigint not null,\000a        updated_at timestamp(6),\000a        preferred_volunteer_gender varchar(20),\000a        category varchar(50) not null,\000a        estimated_duration varchar(50),\000a        recurring_pattern varchar(50),\000a        title varchar(200) not null,\000a        description TEXT not null,\000a        location_address TEXT,\000a        ai_recommended_volunteers jsonb,\000a        required_skills integer[*][],\000a        status enum ('ASSIGNED','CANCELLED','COMPLETED','IN_PROGRESS','OPEN'),\000a        urgency enum ('HIGH','LOW','MEDIUM','URGENT'),\000a        primary key (id)\000a    )"; expected "ARRAY, INVISIBLE, VISIBLE, NOT NULL, DEFAULT, GENERATED, ON UPDATE, NOT NULL, DEFAULT ON NULL, SEQUENCE, SELECTIVITY, COMMENT, CONSTRAINT, COMMENT, PRIMARY KEY, UNIQUE, NOT NULL, CHECK, REFERENCES, ,, )";]
org.hibernate.tool.schema.spi.CommandAcceptanceException: Error executing DDL "
    create table help_requests (
        compensation_offered numeric(10,2),
        is_recurring boolean,
        latitude numeric(10,8),
        longitude numeric(11,8),
        max_distance_km integer,
        scheduled_date date,
        scheduled_time time(6),
        assigned_at timestamp(6),
        assigned_volunteer_id bigint,
        completed_at timestamp(6),
        created_at timestamp(6),
        id bigint generated by default as identity,
        requester_id bigint not null,
        updated_at timestamp(6),
        preferred_volunteer_gender varchar(20),
        category varchar(50) not null,
        estimated_duration varchar(50),
        recurring_pattern varchar(50),
        title varchar(200) not null,
        description TEXT not null,
        location_address TEXT,
        ai_recommended_volunteers jsonb,
        required_skills integer[],
        status enum ('ASSIGNED','CANCELLED','COMPLETED','IN_PROGRESS','OPEN'),
        urgency enum ('HIGH','LOW','MEDIUM','URGENT'),
        primary key (id)
    )" via JDBC [Syntax error in SQL statement "\000a    create table help_requests (\000a        compensation_offered numeric(10,2),\000a        is_recurring boolean,\000a        latitude numeric(10,8),\000a        longitude numeric(11,8),\000a        max_distance_km integer,\000a        scheduled_date date,\000a        scheduled_time time(6),\000a        assigned_at timestamp(6),\000a        assigned_volunteer_id bigint,\000a        completed_at timestamp(6),\000a        created_at timestamp(6),\000a        id bigint generated by default as identity,\000a        requester_id bigint not null,\000a        updated_at timestamp(6),\000a        preferred_volunteer_gender varchar(20),\000a        category varchar(50) not null,\000a        estimated_duration varchar(50),\000a        recurring_pattern varchar(50),\000a        title varchar(200) not null,\000a        description TEXT not null,\000a        location_address TEXT,\000a        ai_recommended_volunteers jsonb,\000a        required_skills integer[*][],\000a        status enum ('ASSIGNED','CANCELLED','COMPLETED','IN_PROGRESS','OPEN'),\000a        urgency enum ('HIGH','LOW','MEDIUM','URGENT'),\000a        primary key (id)\000a    )"; expected "ARRAY, INVISIBLE, VISIBLE, NOT NULL, DEFAULT, GENERATED, ON UPDATE, NOT NULL, DEFAULT ON NULL, SEQUENCE, SELECTIVITY, COMMENT, CONSTRAINT, COMMENT, PRIMARY KEY, UNIQUE, NOT NULL, CHECK, REFERENCES, ,, )";]
	at org.hibernate.tool.schema.internal.exec.GenerationTargetToDatabase.accept(GenerationTargetToDatabase.java:94)
	at org.hibernate.tool.schema.internal.Helper.applySqlString(Helper.java:233)
	at org.hibernate.tool.schema.internal.Helper.applySqlStrings(Helper.java:217)
	at org.hibernate.tool.schema.internal.SchemaCreatorImpl.createTables(SchemaCreatorImpl.java:428)
	at org.hibernate.tool.schema.internal.SchemaCreatorImpl.createSequencesTablesConstraints(SchemaCreatorImpl.java:344)
	at org.hibernate.tool.schema.internal.SchemaCreatorImpl.createFromMetadata(SchemaCreatorImpl.java:239)
	at org.hibernate.tool.schema.internal.SchemaCreatorImpl.performCreation(SchemaCreatorImpl.java:172)
	at org.hibernate.tool.schema.internal.SchemaCreatorImpl.doCreation(SchemaCreatorImpl.java:142)
	at org.hibernate.tool.schema.internal.SchemaCreatorImpl.doCreation(SchemaCreatorImpl.java:118)
	at org.hibernate.tool.schema.spi.SchemaManagementToolCoordinator.performDatabaseAction(SchemaManagementToolCoordinator.java:250)
	at org.hibernate.tool.schema.spi.SchemaManagementToolCoordinator.lambda$process$5(SchemaManagementToolCoordinator.java:144)
	at java.base/java.util.HashMap.forEach(HashMap.java:1421)
	at org.hibernate.tool.schema.spi.SchemaManagementToolCoordinator.process(SchemaManagementToolCoordinator.java:141)
	at org.hibernate.boot.internal.SessionFactoryObserverForSchemaExport.sessionFactoryCreated(SessionFactoryObserverForSchemaExport.java:37)
	at org.hibernate.internal.SessionFactoryObserverChain.sessionFactoryCreated(SessionFactoryObserverChain.java:35)
	at org.hibernate.internal.SessionFactoryImpl.<init>(SessionFactoryImpl.java:322)
	at org.hibernate.boot.internal.SessionFactoryBuilderImpl.build(SessionFactoryBuilderImpl.java:457)
	at org.hibernate.jpa.boot.internal.EntityManagerFactoryBuilderImpl.build(EntityManagerFactoryBuilderImpl.java:1506)
	at org.springframework.orm.jpa.vendor.SpringHibernateJpaPersistenceProvider.createContainerEntityManagerFactory(SpringHibernateJpaPersistenceProvider.java:75)
	at org.springframework.orm.jpa.LocalContainerEntityManagerFactoryBean.createNativeEntityManagerFactory(LocalContainerEntityManagerFactoryBean.java:390)
	at org.springframework.orm.jpa.AbstractEntityManagerFactoryBean.buildNativeEntityManagerFactory(AbstractEntityManagerFactoryBean.java:409)
	at org.springframework.orm.jpa.AbstractEntityManagerFactoryBean.afterPropertiesSet(AbstractEntityManagerFactoryBean.java:396)
	at org.springframework.orm.jpa.LocalContainerEntityManagerFactoryBean.afterPropertiesSet(LocalContainerEntityManagerFactoryBean.java:366)
	at org.springframework.beans.factory.support.AbstractAutowireCapableBeanFactory.invokeInitMethods(AbstractAutowireCapableBeanFactory.java:1853)
	at org.springframework.beans.factory.support.AbstractAutowireCapableBeanFactory.initializeBean(AbstractAutowireCapableBeanFactory.java:1802)
	at org.springframework.beans.factory.support.AbstractAutowireCapableBeanFactory.doCreateBean(AbstractAutowireCapableBeanFactory.java:600)
	at org.springframework.beans.factory.support.AbstractAutowireCapableBeanFactory.createBean(AbstractAutowireCapableBeanFactory.java:522)
	at org.springframework.beans.factory.support.AbstractBeanFactory.lambda$doGetBean$0(AbstractBeanFactory.java:337)
	at org.springframework.beans.factory.support.DefaultSingletonBeanRegistry.getSingleton(DefaultSingletonBeanRegistry.java:234)
	at org.springframework.beans.factory.support.AbstractBeanFactory.doGetBean(AbstractBeanFactory.java:335)
	at org.springframework.beans.factory.support.AbstractBeanFactory.getBean(AbstractBeanFactory.java:205)
	at org.springframework.context.support.AbstractApplicationContext.finishBeanFactoryInitialization(AbstractApplicationContext.java:954)
	at org.springframework.context.support.AbstractApplicationContext.refresh(AbstractApplicationContext.java:625)
	at org.springframework.boot.SpringApplication.refresh(SpringApplication.java:754)
	at org.springframework.boot.SpringApplication.refreshContext(SpringApplication.java:456)
	at org.springframework.boot.SpringApplication.run(SpringApplication.java:335)
	at org.springframework.boot.test.context.SpringBootContextLoader.lambda$loadContext$3(SpringBootContextLoader.java:137)
	at org.springframework.util.function.ThrowingSupplier.get(ThrowingSupplier.java:58)
	at org.springframework.util.function.ThrowingSupplier.get(ThrowingSupplier.java:46)
	at org.springframework.boot.SpringApplication.withHook(SpringApplication.java:1463)
	at org.springframework.boot.test.context.SpringBootContextLoader$ContextLoaderHook.run(SpringBootContextLoader.java:553)
	at org.springframework.boot.test.context.SpringBootContextLoader.loadContext(SpringBootContextLoader.java:137)
	at org.springframework.boot.test.context.SpringBootContextLoader.loadContext(SpringBootContextLoader.java:108)
	at org.springframework.test.context.cache.DefaultCacheAwareContextLoaderDelegate.loadContextInternal(DefaultCacheAwareContextLoaderDelegate.java:225)
	at org.springframework.test.context.cache.DefaultCacheAwareContextLoaderDelegate.loadContext(DefaultCacheAwareContextLoaderDelegate.java:152)
	at org.springframework.test.context.support.DefaultTestContext.getApplicationContext(DefaultTestContext.java:130)
	at org.springframework.test.context.web.ServletTestExecutionListener.setUpRequestContextIfNecessary(ServletTestExecutionListener.java:191)
	at org.springframework.test.context.web.ServletTestExecutionListener.prepareTestInstance(ServletTestExecutionListener.java:130)
	at org.springframework.test.context.TestContextManager.prepareTestInstance(TestContextManager.java:260)
	at org.springframework.test.context.junit.jupiter.SpringExtension.postProcessTestInstance(SpringExtension.java:163)
	at org.junit.jupiter.engine.descriptor.ClassBasedTestDescriptor.lambda$invokeTestInstancePostProcessors$10(ClassBasedTestDescriptor.java:378)
	at org.junit.jupiter.engine.descriptor.ClassBasedTestDescriptor.executeAndMaskThrowable(ClassBasedTestDescriptor.java:383)
	at org.junit.jupiter.engine.descriptor.ClassBasedTestDescriptor.lambda$invokeTestInstancePostProcessors$11(ClassBasedTestDescriptor.java:378)
	at java.base/java.util.stream.ReferencePipeline$3$1.accept(ReferencePipeline.java:197)
	at java.base/java.util.stream.ReferencePipeline$2$1.accept(ReferencePipeline.java:179)
	at java.base/java.util.ArrayList$ArrayListSpliterator.forEachRemaining(ArrayList.java:1625)
	at java.base/java.util.stream.AbstractPipeline.copyInto(AbstractPipeline.java:509)
	at java.base/java.util.stream.AbstractPipeline.wrapAndCopyInto(AbstractPipeline.java:499)
	at java.base/java.util.stream.StreamSpliterators$WrappingSpliterator.forEachRemaining(StreamSpliterators.java:310)
	at java.base/java.util.stream.Streams$ConcatSpliterator.forEachRemaining(Streams.java:735)
	at java.base/java.util.stream.Streams$ConcatSpliterator.forEachRemaining(Streams.java:734)
	at java.base/java.util.stream.ReferencePipeline$Head.forEach(ReferencePipeline.java:762)
	at org.junit.jupiter.engine.descriptor.ClassBasedTestDescriptor.invokeTestInstancePostProcessors(ClassBasedTestDescriptor.java:377)
	at org.junit.jupiter.engine.descriptor.ClassBasedTestDescriptor.lambda$instantiateAndPostProcessTestInstance$6(ClassBasedTestDescriptor.java:290)
	at org.junit.platform.engine.support.hierarchical.ThrowableCollector.execute(ThrowableCollector.java:73)
	at org.junit.jupiter.engine.descriptor.ClassBasedTestDescriptor.instantiateAndPostProcessTestInstance(ClassBasedTestDescriptor.java:289)
	at org.junit.jupiter.engine.descriptor.ClassBasedTestDescriptor.lambda$testInstancesProvider$4(ClassBasedTestDescriptor.java:279)
	at java.base/java.util.Optional.orElseGet(Optional.java:364)
	at org.junit.jupiter.engine.descriptor.ClassBasedTestDescriptor.lambda$testInstancesProvider$5(ClassBasedTestDescriptor.java:278)
	at org.junit.jupiter.engine.execution.TestInstancesProvider.getTestInstances(TestInstancesProvider.java:31)
	at org.junit.jupiter.engine.descriptor.TestMethodTestDescriptor.lambda$prepare$0(TestMethodTestDescriptor.java:106)
	at org.junit.platform.engine.support.hierarchical.ThrowableCollector.execute(ThrowableCollector.java:73)
	at org.junit.jupiter.engine.descriptor.TestMethodTestDescriptor.prepare(TestMethodTestDescriptor.java:105)
	at org.junit.jupiter.engine.descriptor.TestMethodTestDescriptor.prepare(TestMethodTestDescriptor.java:69)
	at org.junit.platform.engine.support.hierarchical.NodeTestTask.lambda$prepare$2(NodeTestTask.java:123)
	at org.junit.platform.engine.support.hierarchical.ThrowableCollector.execute(ThrowableCollector.java:73)
	at org.junit.platform.engine.support.hierarchical.NodeTestTask.prepare(NodeTestTask.java:123)
	at org.junit.platform.engine.support.hierarchical.NodeTestTask.execute(NodeTestTask.java:90)
	at java.base/java.util.ArrayList.forEach(ArrayList.java:1511)
	at org.junit.platform.engine.support.hierarchical.SameThreadHierarchicalTestExecutorService.invokeAll(SameThreadHierarchicalTestExecutorService.java:41)
	at org.junit.platform.engine.support.hierarchical.NodeTestTask.lambda$executeRecursively$6(NodeTestTask.java:155)
	at org.junit.platform.engine.support.hierarchical.ThrowableCollector.execute(ThrowableCollector.java:73)
	at org.junit.platform.engine.support.hierarchical.NodeTestTask.lambda$executeRecursively$8(NodeTestTask.java:141)
	at org.junit.platform.engine.support.hierarchical.Node.around(Node.java:137)
	at org.junit.platform.engine.support.hierarchical.NodeTestTask.lambda$executeRecursively$9(NodeTestTask.java:139)
	at org.junit.platform.engine.support.hierarchical.ThrowableCollector.execute(ThrowableCollector.java:73)
	at org.junit.platform.engine.support.hierarchical.NodeTestTask.executeRecursively(NodeTestTask.java:138)
	at org.junit.platform.engine.support.hierarchical.NodeTestTask.execute(NodeTestTask.java:95)
	at java.base/java.util.ArrayList.forEach(ArrayList.java:1511)
	at org.junit.platform.engine.support.hierarchical.SameThreadHierarchicalTestExecutorService.invokeAll(SameThreadHierarchicalTestExecutorService.java:41)
	at org.junit.platform.engine.support.hierarchical.NodeTestTask.lambda$executeRecursively$6(NodeTestTask.java:155)
	at org.junit.platform.engine.support.hierarchical.ThrowableCollector.execute(ThrowableCollector.java:73)
	at org.junit.platform.engine.support.hierarchical.NodeTestTask.lambda$executeRecursively$8(NodeTestTask.java:141)
	at org.junit.platform.engine.support.hierarchical.Node.around(Node.java:137)
	at org.junit.platform.engine.support.hierarchical.NodeTestTask.lambda$executeRecursively$9(NodeTestTask.java:139)
	at org.junit.platform.engine.support.hierarchical.ThrowableCollector.execute(ThrowableCollector.java:73)
	at org.junit.platform.engine.support.hierarchical.NodeTestTask.executeRecursively(NodeTestTask.java:138)
	at org.junit.platform.engine.support.hierarchical.NodeTestTask.execute(NodeTestTask.java:95)
	at org.junit.platform.engine.support.hierarchical.SameThreadHierarchicalTestExecutorService.submit(SameThreadHierarchicalTestExecutorService.java:35)
	at org.junit.platform.engine.support.hierarchical.HierarchicalTestExecutor.execute(HierarchicalTestExecutor.java:57)
	at org.junit.platform.engine.support.hierarchical.HierarchicalTestEngine.execute(HierarchicalTestEngine.java:54)
	at org.junit.platform.launcher.core.EngineExecutionOrchestrator.execute(EngineExecutionOrchestrator.java:198)
	at org.junit.platform.launcher.core.EngineExecutionOrchestrator.execute(EngineExecutionOrchestrator.java:169)
	at org.junit.platform.launcher.core.EngineExecutionOrchestrator.execute(EngineExecutionOrchestrator.java:93)
	at org.junit.platform.launcher.core.EngineExecutionOrchestrator.lambda$execute$0(EngineExecutionOrchestrator.java:58)
	at org.junit.platform.launcher.core.EngineExecutionOrchestrator.withInterceptedStreams(EngineExecutionOrchestrator.java:141)
	at org.junit.platform.launcher.core.EngineExecutionOrchestrator.execute(EngineExecutionOrchestrator.java:57)
	at org.junit.platform.launcher.core.DefaultLauncher.execute(DefaultLauncher.java:103)
	at org.junit.platform.launcher.core.DefaultLauncher.execute(DefaultLauncher.java:85)
	at org.junit.platform.launcher.core.DelegatingLauncher.execute(DelegatingLauncher.java:47)
	at org.apache.maven.surefire.junitplatform.LazyLauncher.execute(LazyLauncher.java:56)
	at org.apache.maven.surefire.junitplatform.JUnitPlatformProvider.execute(JUnitPlatformProvider.java:184)
	at org.apache.maven.surefire.junitplatform.JUnitPlatformProvider.invokeAllTests(JUnitPlatformProvider.java:148)
	at org.apache.maven.surefire.junitplatform.JUnitPlatformProvider.invoke(JUnitPlatformProvider.java:122)
	at org.apache.maven.surefire.booter.ForkedBooter.runSuitesInProcess(ForkedBooter.java:385)
	at org.apache.maven.surefire.booter.ForkedBooter.execute(ForkedBooter.java:162)
	at org.apache.maven.surefire.booter.ForkedBooter.run(ForkedBooter.java:507)
	at org.apache.maven.surefire.booter.ForkedBooter.main(ForkedBooter.java:495)
Caused by: org.h2.jdbc.JdbcSQLSyntaxErrorException: Syntax error in SQL statement "\000a    create table help_requests (\000a        compensation_offered numeric(10,2),\000a        is_recurring boolean,\000a        latitude numeric(10,8),\000a        longitude numeric(11,8),\000a        max_distance_km integer,\000a        scheduled_date date,\000a        scheduled_time time(6),\000a        assigned_at timestamp(6),\000a        assigned_volunteer_id bigint,\000a        completed_at timestamp(6),\000a        created_at timestamp(6),\000a        id bigint generated by default as identity,\000a        requester_id bigint not null,\000a        updated_at timestamp(6),\000a        preferred_volunteer_gender varchar(20),\000a        category varchar(50) not null,\000a        estimated_duration varchar(50),\000a        recurring_pattern varchar(50),\000a        title varchar(200) not null,\000a        description TEXT not null,\000a        location_address TEXT,\000a        ai_recommended_volunteers jsonb,\000a        required_skills integer[*][],\000a        status enum ('ASSIGNED','CANCELLED','COMPLETED','IN_PROGRESS','OPEN'),\000a        urgency enum ('HIGH','LOW','MEDIUM','URGENT'),\000a        primary key (id)\000a    )"; expected "ARRAY, INVISIBLE, VISIBLE, NOT NULL, DEFAULT, GENERATED, ON UPDATE, NOT NULL, DEFAULT ON NULL, SEQUENCE, SELECTIVITY, COMMENT, CONSTRAINT, COMMENT, PRIMARY KEY, UNIQUE, NOT NULL, CHECK, REFERENCES, ,, )"; SQL statement:

    create table help_requests (
        compensation_offered numeric(10,2),
        is_recurring boolean,
        latitude numeric(10,8),
        longitude numeric(11,8),
        max_distance_km integer,
        scheduled_date date,
        scheduled_time time(6),
        assigned_at timestamp(6),
        assigned_volunteer_id bigint,
        completed_at timestamp(6),
        created_at timestamp(6),
        id bigint generated by default as identity,
        requester_id bigint not null,
        updated_at timestamp(6),
        preferred_volunteer_gender varchar(20),
        category varchar(50) not null,
        estimated_duration varchar(50),
        recurring_pattern varchar(50),
        title varchar(200) not null,
        description TEXT not null,
        location_address TEXT,
        ai_recommended_volunteers jsonb,
        required_skills integer[],
        status enum ('ASSIGNED','CANCELLED','COMPLETED','IN_PROGRESS','OPEN'),
        urgency enum ('HIGH','LOW','MEDIUM','URGENT'),
        primary key (id)
    ) [42001-224]
	at org.h2.message.DbException.getJdbcSQLException(DbException.java:514)
	at org.h2.message.DbException.getJdbcSQLException(DbException.java:489)
	at org.h2.message.DbException.getSyntaxError(DbException.java:261)
	at org.h2.command.ParserBase.getSyntaxError(ParserBase.java:750)
	at org.h2.command.ParserBase.read(ParserBase.java:357)
	at org.h2.command.ParserBase.readIfMore(ParserBase.java:625)
	at org.h2.command.Parser.parseCreateTable(Parser.java:8940)
	at org.h2.command.Parser.parseCreate(Parser.java:6404)
	at org.h2.command.Parser.parsePrepared(Parser.java:666)
	at org.h2.command.Parser.parse(Parser.java:592)
	at org.h2.command.Parser.parse(Parser.java:569)
	at org.h2.command.Parser.prepareCommand(Parser.java:483)
	at org.h2.engine.SessionLocal.prepareLocal(SessionLocal.java:639)
	at org.h2.engine.SessionLocal.prepareCommand(SessionLocal.java:559)
	at org.h2.jdbc.JdbcConnection.prepareCommand(JdbcConnection.java:1166)
	at org.h2.jdbc.JdbcStatement.executeInternal(JdbcStatement.java:245)
	at org.h2.jdbc.JdbcStatement.execute(JdbcStatement.java:231)
	at com.zaxxer.hikari.pool.ProxyStatement.execute(ProxyStatement.java:94)
	at com.zaxxer.hikari.pool.HikariProxyStatement.execute(HikariProxyStatement.java)
	at org.hibernate.tool.schema.internal.exec.GenerationTargetToDatabase.accept(GenerationTargetToDatabase.java:80)
	... 117 common frames omitted
2025-08-18 11:28:50 [main] DEBUG org.hibernate.SQL - 
    create table missing_person_sightings (
        is_verified boolean,
        sighting_date date not null,
        sighting_latitude numeric(10,8),
        sighting_longitude numeric(11,8),
        sighting_time time(6),
        created_at timestamp(6),
        id bigint generated by default as identity,
        missing_person_id bigint not null,
        reporter_id bigint,
        verified_by bigint,
        description TEXT,
        sighting_location TEXT not null,
        confidence_level enum ('HIGH','LOW','MEDIUM'),
        primary key (id)
    )
2025-08-18 11:28:50 [main] DEBUG org.hibernate.SQL - 
    create table missing_persons (
        age integer,
        last_seen_date date not null,
        last_seen_latitude numeric(10,8),
        last_seen_longitude numeric(11,8),
        last_seen_time time(6),
        search_radius_km integer,
        created_at timestamp(6),
        found_date timestamp(6),
        id bigint generated by default as identity,
        reporter_id bigint not null,
        updated_at timestamp(6),
        contact_person_phone varchar(20),
        gender varchar(20),
        height varchar(20),
        weight varchar(20),
        eye_color varchar(30),
        hair_color varchar(30),
        contact_person_name varchar(100),
        missing_person_name varchar(100) not null,
        police_report_number varchar(100),
        clothing_description TEXT,
        distinctive_features TEXT,
        found_location TEXT,
        last_seen_location TEXT,
        medical_conditions TEXT,
        photo_url varchar(255),
        status enum ('ACTIVE','CLOSED','FOUND'),
        primary key (id)
    )
2025-08-18 11:28:50 [main] DEBUG org.hibernate.SQL - 
    create table notifications (
        action_required boolean,
        is_read boolean,
        created_at timestamp(6),
        expires_at timestamp(6),
        id bigint generated by default as identity,
        recipient_id bigint not null,
        related_id bigint,
        title varchar(200) not null,
        action_url varchar(255),
        message TEXT not null,
        notification_type enum ('BLOOD_REQUEST','HELP_REQUEST','MISSING_PERSON','REMINDER','SOS_ALERT','SYSTEM') not null,
        priority enum ('CRITICAL','HIGH','LOW','MEDIUM'),
        sent_via enum ('APP','EMAIL','PUSH','SMS'),
        primary key (id)
    )
2025-08-18 11:28:50 [main] DEBUG org.hibernate.SQL - 
    create table skills (
        created_at timestamp(6),
        id bigint generated by default as identity,
        category varchar(50),
        skill_name varchar(50) not null unique,
        description TEXT,
        primary key (id)
    )
2025-08-18 11:28:50 [main] DEBUG org.hibernate.SQL - 
    create table sos_alerts (
        is_voice_activated boolean,
        latitude numeric(10,8) not null,
        longitude numeric(11,8) not null,
        created_at timestamp(6),
        id bigint generated by default as identity,
        resolved_at timestamp(6),
        responded_by bigint,
        response_time timestamp(6),
        user_id bigint not null,
        alert_message TEXT,
        audio_file_url varchar(255),
        location_address TEXT,
        ai_analysis jsonb,
        alert_type enum ('ACCIDENT','EMERGENCY','FIRE','MEDICAL','SAFETY'),
        priority_level enum ('CRITICAL','HIGH','LOW','MEDIUM'),
        status enum ('ACTIVE','FALSE_ALARM','RESOLVED','RESPONDED'),
        primary key (id)
    )
2025-08-18 11:28:50 [main] DEBUG org.hibernate.SQL - 
    create table users (
        date_of_birth date,
        is_active boolean,
        is_verified boolean,
        latitude numeric(10,8),
        longitude numeric(11,8),
        created_at timestamp(6),
        id bigint generated by default as identity,
        updated_at timestamp(6),
        preferred_language varchar(10),
        emergency_contact_phone varchar(20),
        gender varchar(20),
        phone varchar(20),
        username varchar(50) not null unique,
        email varchar(100) not null unique,
        emergency_contact_name varchar(100),
        full_name varchar(100) not null,
        accessibility_needs TEXT,
        address TEXT,
        medical_conditions TEXT,
        password_hash varchar(255) not null,
        profile_picture_url varchar(255),
        user_type enum ('ADMIN','GENERAL','VOLUNTEER'),
        primary key (id)
    )
2025-08-18 11:28:50 [main] DEBUG org.hibernate.SQL - 
    create table volunteer_skills (
        skill_id bigint not null,
        volunteer_id bigint not null
    )
2025-08-18 11:28:50 [main] DEBUG org.hibernate.SQL - 
    create table volunteers (
        average_rating numeric(3,2),
        is_available boolean,
        max_distance_km integer,
        total_completed_tasks integer,
        volunteer_since date,
        created_at timestamp(6),
        id bigint generated by default as identity,
        updated_at timestamp(6),
        user_id bigint not null unique,
        background_check_status varchar(20),
        availability_hours jsonb,
        specializations text[],
        verification_status enum ('PENDING','REJECTED','VERIFIED'),
        primary key (id)
    )
2025-08-18 11:28:50 [main] WARN  o.h.t.s.i.ExceptionHandlerLoggedImpl - GenerationTarget encountered exception accepting command : Error executing DDL "
    create table volunteers (
        average_rating numeric(3,2),
        is_available boolean,
        max_distance_km integer,
        total_completed_tasks integer,
        volunteer_since date,
        created_at timestamp(6),
        id bigint generated by default as identity,
        updated_at timestamp(6),
        user_id bigint not null unique,
        background_check_status varchar(20),
        availability_hours jsonb,
        specializations text[],
        verification_status enum ('PENDING','REJECTED','VERIFIED'),
        primary key (id)
    )" via JDBC [Syntax error in SQL statement "\000a    create table volunteers (\000a        average_rating numeric(3,2),\000a        is_available boolean,\000a        max_distance_km integer,\000a        total_completed_tasks integer,\000a        volunteer_since date,\000a        created_at timestamp(6),\000a        id bigint generated by default as identity,\000a        updated_at timestamp(6),\000a        user_id bigint not null unique,\000a        background_check_status varchar(20),\000a        availability_hours jsonb,\000a        specializations text[*][],\000a        verification_status enum ('PENDING','REJECTED','VERIFIED'),\000a        primary key (id)\000a    )"; expected "(, ARRAY, INVISIBLE, VISIBLE, NOT NULL, DEFAULT, GENERATED, ON UPDATE, NOT NULL, DEFAULT ON NULL, SEQUENCE, SELECTIVITY, COMMENT, CONSTRAINT, COMMENT, PRIMARY KEY, UNIQUE, NOT NULL, CHECK, REFERENCES, ,, )";]
org.hibernate.tool.schema.spi.CommandAcceptanceException: Error executing DDL "
    create table volunteers (
        average_rating numeric(3,2),
        is_available boolean,
        max_distance_km integer,
        total_completed_tasks integer,
        volunteer_since date,
        created_at timestamp(6),
        id bigint generated by default as identity,
        updated_at timestamp(6),
        user_id bigint not null unique,
        background_check_status varchar(20),
        availability_hours jsonb,
        specializations text[],
        verification_status enum ('PENDING','REJECTED','VERIFIED'),
        primary key (id)
    )" via JDBC [Syntax error in SQL statement "\000a    create table volunteers (\000a        average_rating numeric(3,2),\000a        is_available boolean,\000a        max_distance_km integer,\000a        total_completed_tasks integer,\000a        volunteer_since date,\000a        created_at timestamp(6),\000a        id bigint generated by default as identity,\000a        updated_at timestamp(6),\000a        user_id bigint not null unique,\000a        background_check_status varchar(20),\000a        availability_hours jsonb,\000a        specializations text[*][],\000a        verification_status enum ('PENDING','REJECTED','VERIFIED'),\000a        primary key (id)\000a    )"; expected "(, ARRAY, INVISIBLE, VISIBLE, NOT NULL, DEFAULT, GENERATED, ON UPDATE, NOT NULL, DEFAULT ON NULL, SEQUENCE, SELECTIVITY, COMMENT, CONSTRAINT, COMMENT, PRIMARY KEY, UNIQUE, NOT NULL, CHECK, REFERENCES, ,, )";]
	at org.hibernate.tool.schema.internal.exec.GenerationTargetToDatabase.accept(GenerationTargetToDatabase.java:94)
	at org.hibernate.tool.schema.internal.Helper.applySqlString(Helper.java:233)
	at org.hibernate.tool.schema.internal.Helper.applySqlStrings(Helper.java:217)
	at org.hibernate.tool.schema.internal.SchemaCreatorImpl.createTables(SchemaCreatorImpl.java:428)
[...]
	at org.h2.command.ddl.AlterTableAddConstraint.tryUpdate(AlterTableAddConstraint.java:204)
	at org.h2.command.ddl.AlterTableAddConstraint.update(AlterTableAddConstraint.java:74)
	at org.h2.command.ddl.AlterTable.update(AlterTable.java:46)
	at org.h2.command.CommandContainer.update(CommandContainer.java:169)
	at org.h2.command.Command.executeUpdate(Command.java:256)
	at org.h2.jdbc.JdbcStatement.executeInternal(JdbcStatement.java:262)
	at org.h2.jdbc.JdbcStatement.execute(JdbcStatement.java:231)
	at com.zaxxer.hikari.pool.ProxyStatement.execute(ProxyStatement.java:94)
	at com.zaxxer.hikari.pool.HikariProxyStatement.execute(HikariProxyStatement.java)
	at org.hibernate.tool.schema.internal.exec.GenerationTargetToDatabase.accept(GenerationTargetToDatabase.java:80)
	... 116 common frames omitted
2025-08-18 11:28:50 [main] DEBUG org.hibernate.SQL - 
    alter table if exists help_requests 
       add constraint FKk2ikixqkilm53wd58qyosembq 
       foreign key (assigned_volunteer_id) 
       references volunteers
2025-08-18 11:28:50 [main] DEBUG org.hibernate.SQL - 
    alter table if exists help_requests 
       add constraint FKq3mknlt4g85cyyvgh3tjclbo1 
       foreign key (requester_id) 
       references users
2025-08-18 11:28:50 [main] DEBUG org.hibernate.SQL - 
    alter table if exists missing_person_sightings 
       add constraint FK166s3axk1scu607k95j2b3n2m 
       foreign key (missing_person_id) 
       references missing_persons
2025-08-18 11:28:50 [main] DEBUG org.hibernate.SQL - 
    alter table if exists missing_person_sightings 
       add constraint FKqf3ev5rnkdaj4d41plqm8vdft 
       foreign key (reporter_id) 
       references users
2025-08-18 11:28:50 [main] DEBUG org.hibernate.SQL - 
    alter table if exists missing_person_sightings 
       add constraint FKhku6kggtjaus8g77f9r4irt4s 
       foreign key (verified_by) 
       references users
2025-08-18 11:28:50 [main] DEBUG org.hibernate.SQL - 
    alter table if exists missing_persons 
       add constraint FK8rl1iink4ash3bgd1vwclm7dh 
       foreign key (reporter_id) 
       references users
2025-08-18 11:28:50 [main] DEBUG org.hibernate.SQL - 
    alter table if exists notifications 
       add constraint FKqqnsjxlwleyjbxlmm213jaj3f 
       foreign key (recipient_id) 
       references users
2025-08-18 11:28:50 [main] DEBUG org.hibernate.SQL - 
    alter table if exists sos_alerts 
       add constraint FK5v86t9jixcqi3weyoos10wbdy 
       foreign key (responded_by) 
       references users
2025-08-18 11:28:50 [main] DEBUG org.hibernate.SQL - 
    alter table if exists sos_alerts 
       add constraint FKqhneayx47bw3smq9cuf2mqgy0 
       foreign key (user_id) 
       references users
2025-08-18 11:28:50 [main] DEBUG org.hibernate.SQL - 
    alter table if exists volunteer_skills 
       add constraint FKt3r5slh3albsp8xoqxhp7ehd5 
       foreign key (skill_id) 
       references skills
2025-08-18 11:28:50 [main] DEBUG org.hibernate.SQL - 
    alter table if exists volunteer_skills 
       add constraint FKnxb6p0d64p91vxsvkj9uclfm7 
       foreign key (volunteer_id) 
       references volunteers
2025-08-18 11:28:50 [main] WARN  o.h.t.s.i.ExceptionHandlerLoggedImpl - GenerationTarget encountered exception accepting command : Error executing DDL "
    alter table if exists volunteer_skills 
       add constraint FKnxb6p0d64p91vxsvkj9uclfm7 
       foreign key (volunteer_id) 
       references volunteers" via JDBC [Table "volunteers" not found;]
org.hibernate.tool.schema.spi.CommandAcceptanceException: Error executing DDL "
    alter table if exists volunteer_skills 
       add constraint FKnxb6p0d64p91vxsvkj9uclfm7 
       foreign key (volunteer_id) 
       references volunteers" via JDBC [Table "volunteers" not found;]
	at org.hibernate.tool.schema.internal.exec.GenerationTargetToDatabase.accept(GenerationTargetToDatabase.java:94)
	at org.hibernate.tool.schema.internal.Helper.applySqlString(Helper.java:233)
	at org.hibernate.tool.schema.internal.Helper.applySqlStrings(Helper.java:217)
	at org.hibernate.tool.schema.internal.SchemaCreatorImpl.createForeignKeys(SchemaCreatorImpl.java:305)
	at org.hibernate.tool.schema.internal.SchemaCreatorImpl.createFromMetadata(SchemaCreatorImpl.java:251)
	at org.hibernate.tool.schema.internal.SchemaCreatorImpl.performCreation(SchemaCreatorImpl.java:172)
	at org.hibernate.tool.schema.internal.SchemaCreatorImpl.doCreation(SchemaCreatorImpl.java:142)
	at org.hibernate.tool.schema.internal.SchemaCreatorImpl.doCreation(SchemaCreatorImpl.java:118)
	at org.hibernate.tool.schema.spi.SchemaManagementToolCoordinator.performDatabaseAction(SchemaManagementToolCoordinator.java:250)
	at org.hibernate.tool.schema.spi.SchemaManagementToolCoordinator.lambda$process$5(SchemaManagementToolCoordinator.java:144)
	at java.base/java.util.HashMap.forEach(HashMap.java:1421)
	at org.hibernate.tool.schema.spi.SchemaManagementToolCoordinator.process(SchemaManagementToolCoordinator.java:141)
	at org.hibernate.boot.internal.SessionFactoryObserverForSchemaExport.sessionFactoryCreated(SessionFactoryObserverForSchemaExport.java:37)
	at org.hibernate.internal.SessionFactoryObserverChain.sessionFactoryCreated(SessionFactoryObserverChain.java:35)
	at org.hibernate.internal.SessionFactoryImpl.<init>(SessionFactoryImpl.java:322)
	at org.hibernate.boot.internal.SessionFactoryBuilderImpl.build(SessionFactoryBuilderImpl.java:457)
	at org.hibernate.jpa.boot.internal.EntityManagerFactoryBuilderImpl.build(EntityManagerFactoryBuilderImpl.java:1506)
	at org.springframework.orm.jpa.vendor.SpringHibernateJpaPersistenceProvider.createContainerEntityManagerFactory(SpringHibernateJpaPersistenceProvider.java:75)
	at org.springframework.orm.jpa.LocalContainerEntityManagerFactoryBean.createNativeEntityManagerFactory(LocalContainerEntityManagerFactoryBean.java:390)
	at org.springframework.orm.jpa.AbstractEntityManagerFactoryBean.buildNativeEntityManagerFactory(AbstractEntityManagerFactoryBean.java:409)
	at org.springframework.orm.jpa.AbstractEntityManagerFactoryBean.afterPropertiesSet(AbstractEntityManagerFactoryBean.java:396)
	at org.springframework.orm.jpa.LocalContainerEntityManagerFactoryBean.afterPropertiesSet(LocalContainerEntityManagerFactoryBean.java:366)
	at org.springframework.beans.factory.support.AbstractAutowireCapableBeanFactory.invokeInitMethods(AbstractAutowireCapableBeanFactory.java:1853)
	at org.springframework.beans.factory.support.AbstractAutowireCapableBeanFactory.initializeBean(AbstractAutowireCapableBeanFactory.java:1802)
	at org.springframework.beans.factory.support.AbstractAutowireCapableBeanFactory.doCreateBean(AbstractAutowireCapableBeanFactory.java:600)
	at org.springframework.beans.factory.support.AbstractAutowireCapableBeanFactory.createBean(AbstractAutowireCapableBeanFactory.java:522)
	at org.springframework.beans.factory.support.AbstractBeanFactory.lambda$doGetBean$0(AbstractBeanFactory.java:337)
	at org.springframework.beans.factory.support.DefaultSingletonBeanRegistry.getSingleton(DefaultSingletonBeanRegistry.java:234)
	at org.springframework.beans.factory.support.AbstractBeanFactory.doGetBean(AbstractBeanFactory.java:335)
	at org.springframework.beans.factory.support.AbstractBeanFactory.getBean(AbstractBeanFactory.java:205)
	at org.springframework.context.support.AbstractApplicationContext.finishBeanFactoryInitialization(AbstractApplicationContext.java:954)
	at org.springframework.context.support.AbstractApplicationContext.refresh(AbstractApplicationContext.java:625)
	at org.springframework.boot.SpringApplication.refresh(SpringApplication.java:754)
	at org.springframework.boot.SpringApplication.refreshContext(SpringApplication.java:456)
	at org.springframework.boot.SpringApplication.run(SpringApplication.java:335)
	at org.springframework.boot.test.context.SpringBootContextLoader.lambda$loadContext$3(SpringBootContextLoader.java:137)
	at org.springframework.util.function.ThrowingSupplier.get(ThrowingSupplier.java:58)
	at org.springframework.util.function.ThrowingSupplier.get(ThrowingSupplier.java:46)
	at org.springframework.boot.SpringApplication.withHook(SpringApplication.java:1463)
	at org.springframework.boot.test.context.SpringBootContextLoader$ContextLoaderHook.run(SpringBootContextLoader.java:553)
	at org.springframework.boot.test.context.SpringBootContextLoader.loadContext(SpringBootContextLoader.java:137)
	at org.springframework.boot.test.context.SpringBootContextLoader.loadContext(SpringBootContextLoader.java:108)
	at org.springframework.test.context.cache.DefaultCacheAwareContextLoaderDelegate.loadContextInternal(DefaultCacheAwareContextLoaderDelegate.java:225)
	at org.springframework.test.context.cache.DefaultCacheAwareContextLoaderDelegate.loadContext(DefaultCacheAwareContextLoaderDelegate.java:152)
	at org.springframework.test.context.support.DefaultTestContext.getApplicationContext(DefaultTestContext.java:130)
	at org.springframework.test.context.web.ServletTestExecutionListener.setUpRequestContextIfNecessary(ServletTestExecutionListener.java:191)
	at org.springframework.test.context.web.ServletTestExecutionListener.prepareTestInstance(ServletTestExecutionListener.java:130)
	at org.springframework.test.context.TestContextManager.prepareTestInstance(TestContextManager.java:260)
	at org.springframework.test.context.junit.jupiter.SpringExtension.postProcessTestInstance(SpringExtension.java:163)
	at org.junit.jupiter.engine.descriptor.ClassBasedTestDescriptor.lambda$invokeTestInstancePostProcessors$10(ClassBasedTestDescriptor.java:378)
	at org.junit.jupiter.engine.descriptor.ClassBasedTestDescriptor.executeAndMaskThrowable(ClassBasedTestDescriptor.java:383)
	at org.junit.jupiter.engine.descriptor.ClassBasedTestDescriptor.lambda$invokeTestInstancePostProcessors$11(ClassBasedTestDescriptor.java:378)
	at java.base/java.util.stream.ReferencePipeline$3$1.accept(ReferencePipeline.java:197)
	at java.base/java.util.stream.ReferencePipeline$2$1.accept(ReferencePipeline.java:179)
	at java.base/java.util.ArrayList$ArrayListSpliterator.forEachRemaining(ArrayList.java:1625)
	at java.base/java.util.stream.AbstractPipeline.copyInto(AbstractPipeline.java:509)
	at java.base/java.util.stream.AbstractPipeline.wrapAndCopyInto(AbstractPipeline.java:499)
	at java.base/java.util.stream.StreamSpliterators$WrappingSpliterator.forEachRemaining(StreamSpliterators.java:310)
	at java.base/java.util.stream.Streams$ConcatSpliterator.forEachRemaining(Streams.java:735)
	at java.base/java.util.stream.Streams$ConcatSpliterator.forEachRemaining(Streams.java:734)
	at java.base/java.util.stream.ReferencePipeline$Head.forEach(ReferencePipeline.java:762)
	at org.junit.jupiter.engine.descriptor.ClassBasedTestDescriptor.invokeTestInstancePostProcessors(ClassBasedTestDescriptor.java:377)
	at org.junit.jupiter.engine.descriptor.ClassBasedTestDescriptor.lambda$instantiateAndPostProcessTestInstance$6(ClassBasedTestDescriptor.java:290)
	at org.junit.platform.engine.support.hierarchical.ThrowableCollector.execute(ThrowableCollector.java:73)
	at org.junit.jupiter.engine.descriptor.ClassBasedTestDescriptor.instantiateAndPostProcessTestInstance(ClassBasedTestDescriptor.java:289)
	at org.junit.jupiter.engine.descriptor.ClassBasedTestDescriptor.lambda$testInstancesProvider$4(ClassBasedTestDescriptor.java:279)
	at java.base/java.util.Optional.orElseGet(Optional.java:364)
	at org.junit.jupiter.engine.descriptor.ClassBasedTestDescriptor.lambda$testInstancesProvider$5(ClassBasedTestDescriptor.java:278)
	at org.junit.jupiter.engine.execution.TestInstancesProvider.getTestInstances(TestInstancesProvider.java:31)
	at org.junit.jupiter.engine.descriptor.TestMethodTestDescriptor.lambda$prepare$0(TestMethodTestDescriptor.java:106)
	at org.junit.platform.engine.support.hierarchical.ThrowableCollector.execute(ThrowableCollector.java:73)
	at org.junit.jupiter.engine.descriptor.TestMethodTestDescriptor.prepare(TestMethodTestDescriptor.java:105)
	at org.junit.jupiter.engine.descriptor.TestMethodTestDescriptor.prepare(TestMethodTestDescriptor.java:69)
	at org.junit.platform.engine.support.hierarchical.NodeTestTask.lambda$prepare$2(NodeTestTask.java:123)
	at org.junit.platform.engine.support.hierarchical.ThrowableCollector.execute(ThrowableCollector.java:73)
	at org.junit.platform.engine.support.hierarchical.NodeTestTask.prepare(NodeTestTask.java:123)
	at org.junit.platform.engine.support.hierarchical.NodeTestTask.execute(NodeTestTask.java:90)
	at java.base/java.util.ArrayList.forEach(ArrayList.java:1511)
	at org.junit.platform.engine.support.hierarchical.SameThreadHierarchicalTestExecutorService.invokeAll(SameThreadHierarchicalTestExecutorService.java:41)
	at org.junit.platform.engine.support.hierarchical.NodeTestTask.lambda$executeRecursively$6(NodeTestTask.java:155)
	at org.junit.platform.engine.support.hierarchical.ThrowableCollector.execute(ThrowableCollector.java:73)
	at org.junit.platform.engine.support.hierarchical.NodeTestTask.lambda$executeRecursively$8(NodeTestTask.java:141)
	at org.junit.platform.engine.support.hierarchical.Node.around(Node.java:137)
	at org.junit.platform.engine.support.hierarchical.NodeTestTask.lambda$executeRecursively$9(NodeTestTask.java:139)
	at org.junit.platform.engine.support.hierarchical.ThrowableCollector.execute(ThrowableCollector.java:73)
	at org.junit.platform.engine.support.hierarchical.NodeTestTask.executeRecursively(NodeTestTask.java:138)
	at org.junit.platform.engine.support.hierarchical.NodeTestTask.execute(NodeTestTask.java:95)
	at java.base/java.util.ArrayList.forEach(ArrayList.java:1511)
	at org.junit.platform.engine.support.hierarchical.SameThreadHierarchicalTestExecutorService.invokeAll(SameThreadHierarchicalTestExecutorService.java:41)
	at org.junit.platform.engine.support.hierarchical.NodeTestTask.lambda$executeRecursively$6(NodeTestTask.java:155)
	at org.junit.platform.engine.support.hierarchical.ThrowableCollector.execute(ThrowableCollector.java:73)
	at org.junit.platform.engine.support.hierarchical.NodeTestTask.lambda$executeRecursively$8(NodeTestTask.java:141)
	at org.junit.platform.engine.support.hierarchical.Node.around(Node.java:137)
	at org.junit.platform.engine.support.hierarchical.NodeTestTask.lambda$executeRecursively$9(NodeTestTask.java:139)
	at org.junit.platform.engine.support.hierarchical.ThrowableCollector.execute(ThrowableCollector.java:73)
	at org.junit.platform.engine.support.hierarchical.NodeTestTask.executeRecursively(NodeTestTask.java:138)
	at org.junit.platform.engine.support.hierarchical.NodeTestTask.execute(NodeTestTask.java:95)
	at org.junit.platform.engine.support.hierarchical.SameThreadHierarchicalTestExecutorService.submit(SameThreadHierarchicalTestExecutorService.java:35)
	at org.junit.platform.engine.support.hierarchical.HierarchicalTestExecutor.execute(HierarchicalTestExecutor.java:57)
	at org.junit.platform.engine.support.hierarchical.HierarchicalTestEngine.execute(HierarchicalTestEngine.java:54)
	at org.junit.platform.launcher.core.EngineExecutionOrchestrator.execute(EngineExecutionOrchestrator.java:198)
	at org.junit.platform.launcher.core.EngineExecutionOrchestrator.execute(EngineExecutionOrchestrator.java:169)
	at org.junit.platform.launcher.core.EngineExecutionOrchestrator.execute(EngineExecutionOrchestrator.java:93)
	at org.junit.platform.launcher.core.EngineExecutionOrchestrator.lambda$execute$0(EngineExecutionOrchestrator.java:58)
	at org.junit.platform.launcher.core.EngineExecutionOrchestrator.withInterceptedStreams(EngineExecutionOrchestrator.java:141)
	at org.junit.platform.launcher.core.EngineExecutionOrchestrator.execute(EngineExecutionOrchestrator.java:57)
	at org.junit.platform.launcher.core.DefaultLauncher.execute(DefaultLauncher.java:103)
	at org.junit.platform.launcher.core.DefaultLauncher.execute(DefaultLauncher.java:85)
	at org.junit.platform.launcher.core.DelegatingLauncher.execute(DelegatingLauncher.java:47)
	at org.apache.maven.surefire.junitplatform.LazyLauncher.execute(LazyLauncher.java:56)
	at org.apache.maven.surefire.junitplatform.JUnitPlatformProvider.execute(JUnitPlatformProvider.java:184)
	at org.apache.maven.surefire.junitplatform.JUnitPlatformProvider.invokeAllTests(JUnitPlatformProvider.java:148)
	at org.apache.maven.surefire.junitplatform.JUnitPlatformProvider.invoke(JUnitPlatformProvider.java:122)
	at org.apache.maven.surefire.booter.ForkedBooter.runSuitesInProcess(ForkedBooter.java:385)
	at org.apache.maven.surefire.booter.ForkedBooter.execute(ForkedBooter.java:162)
	at org.apache.maven.surefire.booter.ForkedBooter.run(ForkedBooter.java:507)
	at org.apache.maven.surefire.booter.ForkedBooter.main(ForkedBooter.java:495)
Caused by: org.h2.jdbc.JdbcSQLSyntaxErrorException: Table "volunteers" not found; SQL statement:

    alter table if exists volunteer_skills 
       add constraint FKnxb6p0d64p91vxsvkj9uclfm7 
       foreign key (volunteer_id) 
       references volun [42102-224]
	at org.h2.message.DbException.getJdbcSQLException(DbException.java:514)
	at org.h2.message.DbException.getJdbcSQLException(DbException.java:489)
	at org.h2.message.DbException.get(DbException.java:223)
	at org.h2.message.DbException.get(DbException.java:199)
	at org.h2.command.ddl.AlterTableAddConstraint.tryUpdate(AlterTableAddConstraint.java:204)
	at org.h2.command.ddl.AlterTableAddConstraint.update(AlterTableAddConstraint.java:74)
	at org.h2.command.ddl.AlterTable.update(AlterTable.java:46)
	at org.h2.command.CommandContainer.update(CommandContainer.java:169)
	at org.h2.command.Command.executeUpdate(Command.java:256)
	at org.h2.jdbc.JdbcStatement.executeInternal(JdbcStatement.java:262)
	at org.h2.jdbc.JdbcStatement.execute(JdbcStatement.java:231)
	at com.zaxxer.hikari.pool.ProxyStatement.execute(ProxyStatement.java:94)
	at com.zaxxer.hikari.pool.HikariProxyStatement.execute(HikariProxyStatement.java)
	at org.hibernate.tool.schema.internal.exec.GenerationTargetToDatabase.accept(GenerationTargetToDatabase.java:80)
	... 116 common frames omitted
2025-08-18 11:28:50 [main] DEBUG org.hibernate.SQL - 
    alter table if exists volunteers 
       add constraint FK7w082tdu6mqd1a1doc0o6ju4e 
       foreign key (user_id) 
       references users
2025-08-18 11:28:50 [main] INFO  o.s.s.c.a.a.c.InitializeAuthenticationProviderBeanManagerConfigurer$InitializeAuthenticationProviderManagerConfigurer - Global AuthenticationManager configured with AuthenticationProvider bean with name authenticationProvider
2025-08-18 11:28:50 [main] WARN  o.s.s.c.a.a.c.InitializeUserDetailsBeanManagerConfigurer$InitializeUserDetailsManagerConfigurer - Global AuthenticationManager configured with an AuthenticationProvider bean. UserDetailsService beans will not be used for username/password login. Consider removing the AuthenticationProvider bean. Alternatively, consider using the UserDetailsService in a manually instantiated DaoAuthenticationProvider.
2025-08-18 11:28:51 [main] WARN  o.s.b.a.o.j.JpaBaseConfiguration$JpaWebConfiguration - spring.jpa.open-in-view is enabled by default. Therefore, database queries may be performed during view rendering. Explicitly configure spring.jpa.open-in-view to disable this warning
2025-08-18 11:28:51 [main] DEBUG o.s.s.web.DefaultSecurityFilterChain - Will secure any request with filters: DisableEncodeUrlFilter, WebAsyncManagerIntegrationFilter, SecurityContextHolderFilter, HeaderWriterFilter, CorsFilter, LogoutFilter, JwtAuthenticationFilter, RequestCacheAwareFilter, SecurityContextHolderAwareRequestFilter, AnonymousAuthenticationFilter, SessionManagementFilter, ExceptionTranslationFilter, AuthorizationFilter
2025-08-18 11:28:51 [main] WARN  o.s.b.a.t.ThymeleafAutoConfiguration$DefaultTemplateResolverConfiguration - Cannot find template location: classpath:/templates/ (please add some templates, check your Thymeleaf configuration, or set spring.thymeleaf.check-template-location=false)
2025-08-18 11:28:51 [main] INFO  c.e.backend.BackendApplicationTests - Started BackendApplicationTests in 4.111 seconds (process running for 4.636)
]]></system-out>
  </testcase>
</testsuite>